[www.facebook.com/login.html]
[backblue.gif]
[fade.gif]
[index.html]
[www.facebook.com/login4964.html]
[www.facebook.com/data/manifest/index.html]
[static.xx.fbcdn.net/rsrc.php/v3/yc/l/0,cross/Zk6mNfneq5v1f8e.css]
[static.xx.fbcdn.net/rsrc.php/v3/yu/l/0,cross/Lvu41JHRZC_1f8e.css]
[www.facebook.com/login/web/index.html]
[static.xx.fbcdn.net/rsrc.php/v3/yp/l/0,cross/IlOBL6aM_Kn1f8e.css]
[static.xx.fbcdn.net/rsrc.php/v3/yu/l/0,cross/OBg6eMg8yHk1f8e.css]
[static.xx.fbcdn.net/rsrc.php/v3/yU/l/0,cross/8SiSeIFbO9X1f8e.css]
[static.xx.fbcdn.net/rsrc.php/v3/yK/l/0,cross/swISLSA16YO1f8e.css]
[static.xx.fbcdn.net/rsrc.php/v3/ye/l/0,cross/kNFDXNPRIMn1f8e.css]
[static.xx.fbcdn.net/rsrc.php/v3/yy/r/l_MLuLodOUt1f8e.js]
[www.facebook.com/r1a0b.html]
[www.facebook.com/r.html]
[www.facebook.com/login/index.html]
[www.facebook.com/privacy/explanation.html]
[www.facebook.com/lite/index.html]
[www.facebook.com/help/568137493302217.html]
[www.facebook.com/directory/pages/index.html]
[www.facebook.com/places/index.html]
[www.facebook.com/games/index.html]
[www.facebook.com/directory/places/index.html]
[www.facebook.com/watch/index.html]
[www.facebook.com/directory/groups/index.html]
[www.facebook.com/allactivity99e1]
[www.facebook.com/local/lists/245019872666104/index.html]
[www.facebook.com/jobs/index.html]
[www.facebook.com/marketplace/index.html]
[www.facebook.com/fundraisers/index.html]
[www.facebook.com/biz/directory/index.html]
[www.facebook.com/votinginformationcenter/indexb3e6.html]
[www.facebook.com/pages/create/index30bf.html]
[www.facebook.com/careers/index30c2.html]
[www.facebook.com/policies/cookies/index.html]
[www.facebook.com/policies_center/index.html]
[www.facebook.com/help/index30c2.html]
[www.facebook.com/adpreferences/ad_settings/index9f21.html]
[connect.facebook.net/security/hsts-pixel.gif]
[www.facebook.com/cAzHxn]
[www.facebook.com/xnysXB]
[www.facebook.com/4QSOXb]
[www.facebook.com/KufrNF]
[static.xx.fbcdn.net/rsrc.php/v3iJ044/yl/l/vi_VN/3lbMow6Erlk1f8e.js]
[static.xx.fbcdn.net/rsrc.php/v3/y-/r/kRKEHOouKCI1f8e.js]
[www.facebook.com/login.html]
[static.xx.fbcdn.net/rsrc.php/v3/yD/r/qb8HnkPXVrW1f8e.js]
[www.facebook.com/cAzHxn/index.html]
[www.facebook.com/login4964.html]
[www.facebook.com/index.html]
[www.facebook.com/login/web/cAzHxn]
[www.facebook.com/login/web/xnysXB]
[www.facebook.com/login/web/4QSOXb]
[www.facebook.com/login/web/KufrNF]
[www.facebook.com/login/web/index.html]
[static.xx.fbcdn.net/rsrc.php/v3/yL/r/picFa54MAGW.png]
[static.xx.fbcdn.net/rsrc.php/v3/yc/l/0,cross/Zk6mNfneq5v1f8e.css]
[static.xx.fbcdn.net/rsrc.php/v3/yV/r/IJYgcESal33.png]
[static.xx.fbcdn.net/rsrc.php/v3/y-/r/a0Lo4KNBrEe.png]
[static.xx.fbcdn.net/rsrc.php/v3/y2/r/onuUJj0tCqE.png]
[static.xx.fbcdn.net/rsrc.php/v3/yq/r/kXT5i7nB3hl.png]
[static.xx.fbcdn.net/rsrc.php/v3/yu/l/0,cross/Lvu41JHRZC_1f8e.css]
[static.xx.fbcdn.net/rsrc.php/v3/yB/r/TwAHgQi2ZPB.png]
[static.xx.fbcdn.net/rsrc.php/v3/yP/r/Yrq8Y9PlN02.png]
[static.xx.fbcdn.net/rsrc.php/v3/yp/l/0,cross/IlOBL6aM_Kn1f8e.css]
[static.xx.fbcdn.net/rsrc.php/v3/yO/r/YQNfPR9MJfx.png]
[static.xx.fbcdn.net/rsrc.php/v3/yw/r/7NNuesaBBAw.png]
[static.xx.fbcdn.net/rsrc.php/v3/yV/r/fr7cC89UPCt.png]
[static.xx.fbcdn.net/rsrc.php/v3/yu/l/0,cross/OBg6eMg8yHk1f8e.css]
[static.xx.fbcdn.net/rsrc.php/v3/yU/l/0,cross/8SiSeIFbO9X1f8e.css]
[static.xx.fbcdn.net/rsrc.php/v3/yy/r/qGoWo6gBwwP.png]
[static.xx.fbcdn.net/rsrc.php/v3/yR/r/sQlW9J8IQwe.png]
[static.xx.fbcdn.net/rsrc.php/v3/y3/r/n-uOOobFC9i.png]
[static.xx.fbcdn.net/rsrc.php/v3/yn/r/O1LrqXHR9oZ.png]
[static.xx.fbcdn.net/rsrc.php/v3/y-/r/AGUNXgX_Wx3.gif]
[static.xx.fbcdn.net/rsrc.php/v3/yG/r/b53Ajb4ihCP.gif]
[static.xx.fbcdn.net/rsrc.php/v3/yh/r/ekiMN2iZ1gH.png]
[static.xx.fbcdn.net/rsrc.php/v3/y9/r/OPdJSaOcLwS.png]
[static.xx.fbcdn.net/rsrc.php/v3/yK/l/0,cross/swISLSA16YO1f8e.css]
[static.xx.fbcdn.net/rsrc.php/v3/yZ/r/je5FEJkU1_K.png]
[static.xx.fbcdn.net/rsrc.php/v3/yk/r/swFqSxKYa5M.png]
[static.xx.fbcdn.net/rsrc.php/v3/ye/l/0,cross/kNFDXNPRIMn1f8e.css]
[www.facebook.com/chrome-extension_/index.html]
[www.facebook.com/GET]
[www.facebook.com/^([^_/indexd41d.html]
[www.facebook.com/intern/rsrc.php]
[www.facebook.com/rsrc.php]
[static.xx.fbcdn.net/rsrc.php/v3/yy/r/l_MLuLodOUt1f8e.js]
[www.facebook.com/recover/initiate/index9acb.html]
[www.facebook.com/osd.xml]
[www.facebook.com/login/identify/index09c1.html]
[static.xx.fbcdn.net/rsrc.php/v3/yX/l/0,cross/5TAIClDgEF81f8e.css]
[static.xx.fbcdn.net/rsrc.php/v3/yj/l/0,cross/NRtgePHSq_d1f8e.css]
[static.xx.fbcdn.net/rsrc.php/v3/ym/l/0,cross/731u27sqGBm1f8e.css]
[static.xx.fbcdn.net/rsrc.php/v3/yS/l/0,cross/vDlL9_AVhGt1f8e.css]
[www.facebook.com/login/identify/index6160.html]
[www.facebook.com/legal/terms/update.html]
[static.xx.fbcdn.net/rsrc.php/v3/yb/r/GsNJNwuI-UM.gif]
[www.facebook.com/about/privacy/update.html]
[www.facebook.com/pages/create/indexf949.html]
[www.facebook.com/__markup_9f5fac15_0_9_I.html]
[www.facebook.com/__elem_ddac73b6_0_0_+.html]
[www.facebook.com/r1a0b.html]
[www.facebook.com/__elem_072b8e64_0_0_+.html]
[www.facebook.com/r.html]
[www.facebook.com/u_0_14_C.html]
[www.facebook.com/login/cAzHxn]
[www.facebook.com/login/xnysXB]
[www.facebook.com/login/4QSOXb]
[www.facebook.com/login/KufrNF]
[www.facebook.com/login/index.html]
[static.xx.fbcdn.net/rsrc.php/v3/yx/l/0,cross/9Q5aAjn9DUB1f8e.css]
[static.xx.fbcdn.net/rsrc.php/v3/yQ/l/0,cross/pmWIho6s6QW1f8e.css]
[scontent-hkt1-1.xx.fbcdn.net/v/t39.2365-6/11891345_543283905820402_1726537124_n3d74.jpg]
[scontent-hkt1-1.xx.fbcdn.net/v/t39.2365-6/11057043_645942585536385_1622935532_n9897.png]
[static.xx.fbcdn.net/rsrc.php/v3/yq/r/K6Ws2D8aH_8.png]
[scontent-hkt1-2.xx.fbcdn.net/v/t39.2365-6/11057091_834316709957146_226716834_n4ba8.png]
[www.facebook.com/lite/cAzHxn]
[www.facebook.com/lite/xnysXB]
[www.facebook.com/lite/4QSOXb]
[www.facebook.com/lite/KufrNF]
[www.facebook.com/lite/index.html]
[static.xx.fbcdn.net/rsrc.php/v3/yX/l/0,cross/volpSAaeelx1f8e.css]
[static.xx.fbcdn.net/rsrc.php/v3/yN/l/0,cross/D664-KZG1sK1f8e.css]
[static.xx.fbcdn.net/rsrc.php/v3/yI/l/0,cross/i6KN_g4yxu-1f8e.css]
[static.xx.fbcdn.net/rsrc.php/v3/yd/l/0,cross/DphDoXIqG_t1f8e.css]
[static.xx.fbcdn.net/rsrc.php/v3/yE/l/0,cross/eaWwoPhHMmr1f8e.css]
[static.xx.fbcdn.net/rsrc.php/v3/yl/l/0,cross/UE0geqq8LBa1f8e.css]
[static.xx.fbcdn.net/rsrc.php/v3/yl/l/0,cross/T33kT3c0LP-1f8e.css]
[static.xx.fbcdn.net/rsrc.php/v3/yQ/l/0,cross/hL5WzD2w0By1f8e.css]
[static.xx.fbcdn.net/rsrc.php/v3/yV/l/0,cross/eM_y1Zr1VDT1f8e.css]
[static.xx.fbcdn.net/rsrc.php/v3/yu/l/0,cross/WW8AdgUH01y1f8e.css]
[static.xx.fbcdn.net/rsrc.php/v3/yz/l/0,cross/pD0IWvGACk61f8e.css]
[static.xx.fbcdn.net/rsrc.php/v3/yY/l/0,cross/aHCY-alMw7z1f8e.css]
[static.xx.fbcdn.net/rsrc.php/v3/yL/l/0,cross/YCPTtlGP3R81f8e.css]
[static.xx.fbcdn.net/rsrc.php/v3/yk/l/0,cross/Mmnc-cvrzIX1f8e.css]
[static.xx.fbcdn.net/rsrc.php/v3/yg/l/0,cross/cXGq3ygDGK91f8e.css]
[static.xx.fbcdn.net/rsrc.php/v3/yb/l/0,cross/JVEoAyVSllp1f8e.css]
[static.xx.fbcdn.net/rsrc.php/v3/yF/l/0,cross/hPJC7qec06F1f8e.css]
[static.xx.fbcdn.net/rsrc.php/v3/yl/l/0,cross/u9RDS3wpTGu1f8e.css]
[static.xx.fbcdn.net/rsrc.php/v3/yT/l/0,cross/ZY5b_eAT4Sj1f8e.css]
[static.xx.fbcdn.net/rsrc.php/v3/y0/l/0,cross/1BxWNAZP1c21f8e.css]
[static.xx.fbcdn.net/rsrc.php/v3/yi/l/0,cross/0Fv1132rWrp1f8e.css]
[static.xx.fbcdn.net/rsrc.php/v3/y3/l/0,cross/OQ0L7AUEgNJ1f8e.css]
[www.facebook.com/rbe0f.html]
[scontent-hkt1-1.xx.fbcdn.net/v/t15.5256-10/186810462_3840232789429211_5162713132692584834_nda16.jpg]
[static.xx.fbcdn.net/rsrc.php/v3/y4/r/-PAXP-deijE.gif]
[www.facebook.com/DongThapTVonline/videos/đầu-bếp-một-khách-sạn-5-sao-ở-tphcm-nghi-mắc-covid-19/3840224922763331/index4c74.html]
[www.facebook.com/VTVcab.Tintuc/videos/55-bệnh-nhân-cvodi-19-tiên-lượng-rất-nặng/1139255056572892/index4c74.html]
[www.facebook.com/watch/VTVcab.Tintuc/index.html]
[www.facebook.com/watch/DongThapTVonline/index.html]
[www.facebook.com/watch/baodientuvov.vn/index.html]
[www.facebook.com/baodientuvov.vn/videos/nữ-công-nhân-38-tuổi-mắc-covid-19-ở-bắc-giang-tử-vong/1425967551104234/index4c74.html]
[www.facebook.com/KyNguyenMoiNews/videos/bản-tin-tối-235-đề-xuất-quản-lý-người-cách-ly-bằng-vòng-tay-điện-tử-ít-nhất-100-/1157853524689916/index4c74.html]
[www.facebook.com/watch/KyNguyenMoiNews/index.html]
[www.facebook.com/DongThapTVonline/videos/trung-tâm-kiểm-soát-bệnh-tật-mỹ-từng-khuyến-cáo-đại-dịch-không-chừa-bất-cứ-ai-so/601889840772026/index4c74.html]
[www.facebook.com/camnhungnguyen0945552888/videos/chăm-sóc-sức-khỏe-và-làm-đẹp/296441692140072/indexb1ec.html]
[www.facebook.com/Thời-Trang-Thuỷ-Top-2499356900114961/videos/bạn-được-nhắc-tên-trong-1-bình-luận-của-thủy-top/765203020720816/indexb1ec.html]
[www.facebook.com/VTVcab.Tintuc/videos/nỗi-lòng-của-người-từng-mắc-covid-19/519972132347822/index4c74.html]
[www.facebook.com/watch/camnhungnguyen0945552888/index.html]
[www.facebook.com/watch/toanthaychi/index.html]
[www.facebook.com/toanthaychi/videos/chữa-đề-hà-nội-2021/517752566248159/indexb1ec.html]
[www.facebook.com/minhminhnguyenvnxk/videos/xả-kho-toàn-bộlike-share-để-mua-hàng-giá-sale/143508994438995/indexb1ec.html]
[www.facebook.com/watch/Thời-Trang-Thuỷ-Top-2499356900114961/index.html]
[www.facebook.com/watch/minhminhnguyenvnxk/index.html]
[www.facebook.com/hangoi.busi/videos/bom-hàng-nhiều-quá-e-sale-lỗ-quá-luôn-/168357905145380/indexb1ec.html]
[www.facebook.com/LoanLamcloset/videos/họp-gấp-lắm-mấy-chế-ơi-/267754795086296/indexb1ec.html]
[www.facebook.com/watch/LoanLamcloset/index.html]
[scontent-hkt1-1.xx.fbcdn.net/v/t1.6435-1/165208932_1375285229537615_6556826979706642067_n6073.jpg]
[scontent-hkt1-1.xx.fbcdn.net/v/t31.18172-1/20934061_859238420909264_5575367121547642972_o810f.jpg]
[scontent-hkt1-1.xx.fbcdn.net/v/t1.6435-1/71698295_425080984782886_619656522594516992_n43a4.jpg]
[scontent-hkt1-1.xx.fbcdn.net/v/t1.6435-1/119150763_3530625240328754_8135851022941346999_nf2c4.jpg]
[www.facebook.com/watch/hangoi.busi/index.html]
[www.facebook.com/watch/redtabletalk/index.html]
[scontent-hkt1-1.xx.fbcdn.net/v/t1.6435-1/71479889_498204121002610_5547142466865463296_n9217.png]
[www.facebook.com/watch/sorryforyourloss/index.html]
[www.facebook.com/watch/SteveHarveytv/index.html]
[scontent-hkt1-1.xx.fbcdn.net/v/t1.6435-1/43604379_337257130185715_4540972122087882752_n5ed7.jpg]
[scontent-hkt1-1.xx.fbcdn.net/v/t1.6435-1/67389610_1302336743261862_2916770294246932480_n9776.jpg]
[www.facebook.com/watch/sneakerhustle/index.html]
[scontent-hkt1-1.xx.fbcdn.net/v/t1.6435-1/69564636_670602176787465_6519417135901442048_nb05c.jpg]
[www.facebook.com/watch/queenamerica/index.html]
[www.facebook.com/watch/fivepoints/index.html]
[scontent-hkt1-1.xx.fbcdn.net/v/t1.6435-1/161865968_911209569652744_1357834852767712150_n44c2.jpg]
[www.facebook.com/watch/thebirchshow/index.html]
[scontent-hkt1-1.xx.fbcdn.net/v/t1.6435-1/68602438_686380511826292_8634873350214123520_n2ce4.jpg]
[www.facebook.com/watch/ballinthefamily/index.html]
[www.facebook.com/watch/Limetown/index.html]
[www.facebook.com/watch/hudabossshow/index.html]
[www.facebook.com/mrbeogaming/videos/chó-ngáo-thả-rông-ngoài-biển-/228319258727054/indexdfd3.html]
[www.facebook.com/singer.kieutho/videos/trái-tim-quả-cảm/781765529423582/indexdfd3.html]
[www.facebook.com/TunJapan17cm/videos/khỉ-đi-xe-máy-vec3-chở-người-yêu-đi-cà-khịa-/2603273753303229/indexdfd3.html]
[www.facebook.com/watch/mrbeogaming/index.html]
[www.facebook.com/COTGAMINGVN/videos/2805-phùng-bá-cọt-live-stream/3620160708089428/indexdfd3.html]
[www.facebook.com/watch/COTGAMINGVN/index.html]
[www.facebook.com/watch/TunJapan17cm/index.html]
[www.facebook.com/watch/duycomluckyman/index.html]
[www.facebook.com/PageDatSauGamer/videos/con-khỉ-đi-lạc-vào-thành-phố-trêu-người-đi-đường/256843592863671/indexdfd3.html]
[www.facebook.com/watch/PageDatSauGamer/index.html]
[www.facebook.com/duycomluckyman/videos/thành-lập-gang-mới/375446097241401/indexdfd3.html]
[www.facebook.com/watch/news.com.html]
[www.facebook.com/watch/index.html]
[www.facebook.com/directory/people/index.html]
[static.xx.fbcdn.net/rsrc.php/v3/yn/l/0,cross/teff3o17N1c1f8e.css]
[www.facebook.com/login/index569d.html]
[www.facebook.com/login/index07ff.html]
[www.facebook.com/login/index7a43.html]
[www.facebook.com/login/index05e6.html]
[www.facebook.com/login/index99e7.html]
[www.facebook.com/login/index19a2.html]
[www.facebook.com/login/indexc266.html]
[www.facebook.com/login/indexd715.html]
[www.facebook.com/login/index7ac0.html]
[www.facebook.com/login/indexd542.html]
[www.facebook.com/login/index155d.html]
[www.facebook.com/login/index3813.html]
[www.facebook.com/login/index2690.html]
[www.facebook.com/login/index2ba4.html]
[www.facebook.com/login/index9774.html]
[www.facebook.com/login/index54f7.html]
[www.facebook.com/login/indexb02c.html]
[www.facebook.com/login/index9db3.html]
[www.facebook.com/login/indexd638.html]
[www.facebook.com/login/indexec3a.html]
[www.facebook.com/login/index02eb.html]
[www.facebook.com/login/index88e4.html]
[www.facebook.com/login/index1d4b.html]
[www.facebook.com/login/index9371.html]
[www.facebook.com/login/index7f7d.html]
[www.facebook.com/login/indexe4e1.html]
[www.facebook.com/login/index85f0.html]
[www.facebook.com/login/indexe5bb.html]
[scontent-hkt1-1.xx.fbcdn.net/v/t1.6435-1/cp0/p50x50/190108336_322648402555040_2100790391455013605_n2e07.jpg]
[www.facebook.com/Cristiano.html]
[scontent-hkt1-1.xx.fbcdn.net/v/t31.18172-1/cp0/p50x50/15774834_1489560107751471_6217657570454684800_o3cca.png]
[www.facebook.com/ChinaGlobalTVNetwork.html]
[scontent-hkt1-1.xx.fbcdn.net/v/t34.18173-1/cp0/p50x50/38977782_2227498890899634_1860848619_n151d.png]
[www.facebook.com/RealMadrid.html]
[scontent-hkt1-1.xx.fbcdn.net/v/t1.6435-1/cp0/p50x50/128420657_10159817281789305_2244913344021808263_na059.jpg]
[www.facebook.com/fcbarcelona.html]
[scontent-hkt1-1.xx.fbcdn.net/v/t1.6435-1/cp0/p50x50/163503553_297638491725900_7062417196238841194_n91e6.jpg]
[www.facebook.com/shakira.html]
[scontent-hkt1-1.xx.fbcdn.net/v/t1.6435-1/cp0/p50x50/143866385_254493266044860_8689851955190563307_n2091.jpg]
[www.facebook.com/VinDiesel.html]
[scontent-hkt1-1.xx.fbcdn.net/v/t1.6435-1/cp0/p50x50/161677893_289417855883145_3617900277534792447_n21c5.jpg]
[www.facebook.com/leomessi.html]
[scontent-hkt1-1.xx.fbcdn.net/v/t1.6435-1/cp0/p50x50/191053255_10160743390471729_9001965649022744000_n2cbd.jpg]
[www.facebook.com/facebookapp.html]
[scontent-hkt1-1.xx.fbcdn.net/v/t1.6435-1/cp0/p50x50/152435678_267094604785024_5829553146822561359_ndbba.jpg]
[www.facebook.com/eminem.html]
[scontent-hkt1-1.xx.fbcdn.net/v/t1.6435-1/cp0/p50x50/66293496_10158496818691754_3969510587162951680_nc2f3.jpg]
[www.facebook.com/youtube.html]
[scontent-hkt1-1.xx.fbcdn.net/v/t1.18169-1/cp0/p50x50/10351594_10152747043511469_823798435026029654_n5390.png]
[www.facebook.com/MrBean.html]
[scontent-hkt1-1.xx.fbcdn.net/v/t1.6435-1/cp0/p50x50/164801823_280041880160065_5434872255011247560_n8975.jpg]
[www.facebook.com/rihanna.html]
[www.facebook.com/WillSmith.html]
[scontent-hkt1-1.xx.fbcdn.net/v/t1.6435-1/cp0/p50x50/143377912_259542168867351_6767889307839209789_nb0da.jpg]
[scontent-hkt1-1.xx.fbcdn.net/v/t1.6435-1/cp0/p50x50/191985192_340690064079968_5750107449348201486_ne864.jpg]
[www.facebook.com/JustinBieber.html]
[scontent-hkt1-1.xx.fbcdn.net/v/t1.6435-1/cp0/p50x50/102300539_3176398552396682_4754975721441350838_n449f.jpg]
[www.facebook.com/LaLiga.html]
[scontent-hkt1-1.xx.fbcdn.net/v/t1.6435-1/cp0/p50x50/75462338_10157030107892746_4920929384635826176_n5984.jpg]
[www.facebook.com/manchesterunited.html]
[scontent-hkt1-1.xx.fbcdn.net/v/t1.6435-1/cp0/p50x50/104431959_3033691086728698_5351361339050412611_n4019.png]
[www.facebook.com/candycrushsaga.html]
[scontent-hkt1-1.xx.fbcdn.net/v/t1.6435-1/cp0/p50x50/155332900_273173237506749_5624823482444457297_ndbf3.jpg]
[www.facebook.com/michaeljackson.html]
[scontent-hkt1-1.xx.fbcdn.net/v/t1.6435-1/cp0/p50x50/158005154_279439916881167_8360889134631125095_n02a6.jpg]
[www.facebook.com/TaylorSwift.html]
[scontent-hkt1-1.xx.fbcdn.net/v/t1.6435-1/cp0/p50x50/133733095_10159476999140757_6545137938916324502_nc87d.jpg]
[www.facebook.com/BobMarley.html]
[www.facebook.com/login/indexf5e7.html]
[www.facebook.com/login/indexdda1.html]
[www.facebook.com/directory/pages/index.html]
[www.facebook.com/pages/category/index.html]
[www.facebook.com/login/indexe041.html]
[www.facebook.com/login/indexbc4e.html]
[www.facebook.com/login/indexced5.html]
[static.xx.fbcdn.net/rsrc.php/v3/y2/l/0,cross/NF8ylfkup9k1f8e.css]
[static.xx.fbcdn.net/rsrc.php/v3/yx/l/0,cross/A9bNlX6jy731f8e.css]
[static.xx.fbcdn.net/rsrc.php/v3/yo/l/0,cross/gHxQU1dV-Pj1f8e.css]
[static.xx.fbcdn.net/rsrc.php/v3/yr/l/0,cross/e7-oEwzdMtw1f8e.css]
[static.xx.fbcdn.net/rsrc.php/v3/yc/l/0,cross/SUiev1cgSU11f8e.css]
[static.xx.fbcdn.net/rsrc.php/v3/ym/l/0,cross/lGPNMJFaC8s1f8e.css]
[static.xx.fbcdn.net/rsrc.php/v3/yQ/l/0,cross/dokxe3lmul51f8e.css]
[static.xx.fbcdn.net/rsrc.php/v3/yA/r/VMSWBdnl02X1f8e.js]
[static.xx.fbcdn.net/rsrc.php/v3/yq/r/m0A4GDmRiPJ1f8e.js]
[static.xx.fbcdn.net/rsrc.php/v3/yz/r/aJzABJxNS7l1f8e.js]
[static.xx.fbcdn.net/rsrc.php/v3/yp/r/rSYXtxQTBdH1f8e.js]
[static.xx.fbcdn.net/rsrc.php/v3i_v64/y3/l/vi_VN/Ba6gPUw49Lz1f8e.js]
[static.xx.fbcdn.net/rsrc.php/v3/y6/r/Bdzv5YXWQ1A1f8e.js]
[static.xx.fbcdn.net/rsrc.php/v3iLdf4/y-/l/vi_VN/YFQz4o_xszJ1f8e.js]
[static.xx.fbcdn.net/rsrc.php/v3it474/yY/l/vi_VN/bODClTYq4yg1f8e.js]
[static.xx.fbcdn.net/rsrc.php/v3i4f44/yM/l/vi_VN/AVU-JmTKaIH1f8e.js]
[static.xx.fbcdn.net/rsrc.php/v3iNbE4/y4/l/vi_VN/gKG9H0hf3i61f8e.js]
[static.xx.fbcdn.net/rsrc.php/v3iG4_4/yK/l/vi_VN/FLyMIgfnOSo1f8e.js]
[static.xx.fbcdn.net/rsrc.php/v3iUDp4/yd/l/vi_VN/gNImTV5GEiM1f8e.js]
[static.xx.fbcdn.net/rsrc.php/v3i3uC4/yr/l/vi_VN/qw2q4-2ldKO1f8e.js]
[static.xx.fbcdn.net/rsrc.php/v3i1vG4/y3/l/vi_VN/6yNE2FYmdLF1f8e.js]
[static.xx.fbcdn.net/rsrc.php/v3i2Yz4/yJ/l/vi_VN/uBP2Jy4vKkP1f8e.js]
[static.xx.fbcdn.net/rsrc.php/v3ims-4/y9/l/vi_VN/Os5qZ3G7Z4i1f8e.js]
[static.xx.fbcdn.net/rsrc.php/v3iv174/yQ/l/vi_VN/h7ozv5VcACp1f8e.js]
[static.xx.fbcdn.net/rsrc.php/v3iVLT4/yQ/l/vi_VN/VQ_xGRLVYQ51f8e.js]
[static.xx.fbcdn.net/rsrc.php/v3ifFa4/yK/l/vi_VN/AiBb0huCr8M1f8e.js]
[static.xx.fbcdn.net/rsrc.php/v3/yM/r/AUMSpCOKIQg1f8e.js]
[static.xx.fbcdn.net/rsrc.php/v3iYU04/yx/l/vi_VN/bodjQ1kQ16M1f8e.js]
[static.xx.fbcdn.net/rsrc.php/v3/yT/r/12zsDtAneQY1f8e.js]
[static.xx.fbcdn.net/rsrc.php/v3/y7/r/8pMRgMCSPmp1f8e.js]
[static.xx.fbcdn.net/rsrc.php/v3iu0j4/yk/l/vi_VN/yD-QIE8b_qs1f8e.js]
[static.xx.fbcdn.net/rsrc.php/v3/yx/r/XE-T-kOpt8V1f8e.js]
[static.xx.fbcdn.net/rsrc.php/v3i7n34/yo/l/vi_VN/uEUy3CG6hES1f8e.js]
[static.xx.fbcdn.net/rsrc.php/v3/yl/r/OMLqTPWImry1f8e.js]
[static.xx.fbcdn.net/rsrc.php/v3iOLy4/yW/l/vi_VN/yepaX1lwWDB1f8e.js]
[static.xx.fbcdn.net/rsrc.php/v3i84j4/yE/l/vi_VN/nBu91ffy8eW1f8e.js]
[static.xx.fbcdn.net/rsrc.php/v3/yg/r/HaA4xnYI4ws1f8e.js]
[static.xx.fbcdn.net/rsrc.php/v3/yz/r/mHXrz_5EKZm1f8e.js]
[static.xx.fbcdn.net/rsrc.php/v3/yg/r/BOz2DNiyYfY1f8e.js]
[static.xx.fbcdn.net/rsrc.php/v3iG2q4/yM/l/vi_VN/UziIjSjG6Mr1f8e.js]
[static.xx.fbcdn.net/rsrc.php/v3iygu4/yv/l/vi_VN/_JlP1jAXjbt1f8e.js]
[www.facebook.com/places/theaustralian.com.au]
[www.facebook.com/places/news.com.au]
[www.facebook.com/places/kollosche.com.au]
[www.facebook.com/places/awstrack.me]
[www.facebook.com/places/ROGc8q]
[www.facebook.com/places/index.html]
[static.xx.fbcdn.net/rsrc.php/v3/yH/l/0,cross/j3ORX_Iw9181f8e.css]
[static.xx.fbcdn.net/rsrc.php/v3/ye/l/0,cross/ax-nxKaVMGs1f8e.css]
[static.xx.fbcdn.net/rsrc.php/v3/ya/l/0,cross/DYasTF0_4jM1f8e.css]
[static.xx.fbcdn.net/rsrc.php/v3/yg/l/0,cross/1P67Nf7FXz31f8e.css]
[static.xx.fbcdn.net/rsrc.php/v3/ys/l/0,cross/HaY9wjSDkQ51f8e.css]
[static.xx.fbcdn.net/rsrc.php/v3/yw/l/0,cross/ksNTVNXW0tc1f8e.css]
[static.xx.fbcdn.net/rsrc.php/v3/y7/l/0,cross/WMVfFPdUVYG1f8e.css]
[static.xx.fbcdn.net/rsrc.php/v3/yd/l/0,cross/rwOkhBYA-MA1f8e.css]
[static.xx.fbcdn.net/rsrc.php/v3/yp/r/U4B06nLMGQt.png]
[www.facebook.com/help/index01dc.html]
[www.facebook.com/games/theaustralian.com.html]
[www.facebook.com/games/news.com.html]
[www.facebook.com/games/kollosche.com.html]
[www.facebook.com/games/awstrack.html]
[www.facebook.com/games/cAzHxn.html]
[www.facebook.com/games/KufrNF.html]
[www.facebook.com/games/xnysXB.html]
[www.facebook.com/games/4QSOXb.html]
[www.facebook.com/games/index.html]
[www.facebook.com/games/2nVGYo.html]
[www.facebook.com/login/index6f8d.html]
[www.facebook.com/login/index42ff.html]
[www.facebook.com/login/indexdf46.html]
[www.facebook.com/login/index44cb.html]
[www.facebook.com/login/index0905.html]
[www.facebook.com/login/index99a6.html]
[www.facebook.com/login/index069d.html]
[www.facebook.com/login/indexa08d.html]
[www.facebook.com/login/index7040.html]
[www.facebook.com/login/index9635.html]
[www.facebook.com/login/indexa05e.html]
[www.facebook.com/login/index4a1f.html]
[www.facebook.com/login/indexf454.html]
[www.facebook.com/login/index810e.html]
[www.facebook.com/login/index6045.html]
[www.facebook.com/login/indexfb16.html]
[www.facebook.com/login/index666c.html]
[www.facebook.com/login/index7f4e.html]
[www.facebook.com/login/index5478.html]
[www.facebook.com/login/indexb0e6.html]
[www.facebook.com/login/index08f0.html]
[www.facebook.com/login/index7612.html]
[www.facebook.com/login/index6c50.html]
[www.facebook.com/login/indexa34d.html]
[www.facebook.com/login/index982f.html]
[www.facebook.com/login/indexef34.html]
[www.facebook.com/login/indexdfbf.html]
[www.facebook.com/places/Hoat-dong-giai-tri-tai-Luan-Don/106078429431815/index.html]
[www.facebook.com/places/Hoat-dong-giai-tri-tai-Thanh-pho-New-York/108424279189115/index.html]
[www.facebook.com/places/Hoat-dong-giai-tri-tai-Paris/110774245616525/index.html]
[www.facebook.com/places/Hoat-dong-giai-tri-tai-Bang-Coc/110585945628334/index.html]
[www.facebook.com/places/Hoat-dong-giai-tri-tai-Barcelona/106287062743373/index.html]
[www.facebook.com/places/Hoat-dong-giai-tri-tai-Sao-Paulo/112047398814697/index.html]
[www.facebook.com/places/Hoat-dong-giai-tri-tai-Las-Vegas-Nevada/108081209214649/index.html]
[www.facebook.com/places/Hoat-dong-giai-tri-tai-Roma/115353315143936/index.html]
[www.facebook.com/places/Hoat-dong-giai-tri-tai-Rio-de-Janeiro-Rio-de-Janeiro/110346955653479/index.html]
[www.facebook.com/places/Hoat-dong-giai-tri-tai-Hong-Kong/113317605345751/index.html]
[www.facebook.com/places/Hoat-dong-giai-tri-tai-Dubai/111070818917271/index.html]
[www.facebook.com/places/Hoat-dong-giai-tri-tai-Los-Angeles/110970792260960/index.html]
[www.facebook.com/places/Hoat-dong-giai-tri-tai-Bogota-Colombia/102194039822307/index.html]
[www.facebook.com/places/Hoat-dong-giai-tri-tai-Chicago/108659242498155/index.html]
[www.facebook.com/places/Hoat-dong-giai-tri-tai-Singapore/105565836144069/index.html]
[www.facebook.com/places/Hoat-dong-giai-tri-tai-Madrid/106504859386230/index.html]
[www.facebook.com/places/Hoat-dong-giai-tri-tai-Istanbul/106012156106461/index.html]
[www.facebook.com/places/Hoat-dong-giai-tri-tai-San-Francisco/114952118516947/index.html]
[www.facebook.com/places/Hoat-dong-giai-tri-tai-Berlin/111175118906315/index.html]
[www.facebook.com/places/Hoat-dong-giai-tri-tai-Amsterdam-Netherlands/111777152182368/index.html]
[www.facebook.com/login/index3050.html]
[www.facebook.com/login/indexf8e1.html]
[www.facebook.com/login/index42b9.html]
[www.facebook.com/directory/places/index.html]
[www.facebook.com/login/index2263.html]
[static.xx.fbcdn.net/rsrc.php/v3/yt/l/0,cross/piftOamHpj21f8e.css]
[static.xx.fbcdn.net/rsrc.php/v3/y-/l/0,cross/-kEUDAMbRst1f8e.css]
[static.xx.fbcdn.net/rsrc.php/v3/yv/l/0,cross/6Vz73cBCVwE1f8e.css]
[static.xx.fbcdn.net/rsrc.php/v3/yQ/l/0,cross/3Jg-MU1cLWc1f8e.css]
[static.xx.fbcdn.net/rsrc.php/v3/yF/l/0,cross/0mb-S6y3qUZ1f8e.css]
[static.xx.fbcdn.net/rsrc.php/v3invP4/yz/l/vi_VN/joOYAVjE_ay1f8e.js]
[static.xx.fbcdn.net/rsrc.php/v3i5234/yt/l/vi_VN/d1cfHflUSQy1f8e.js]
[static.xx.fbcdn.net/rsrc.php/v3/yw/r/0Ju1-P0x6SJ1f8e.js]
[static.xx.fbcdn.net/rsrc.php/v3iyxx4/yA/l/vi_VN/lsMVVyhe3P31f8e.js]
[static.xx.fbcdn.net/rsrc.php/v3ikoH4/yX/l/vi_VN/No5yV0-kwLr1f8e.js]
[static.xx.fbcdn.net/rsrc.php/v3iGNZ4/yN/l/vi_VN/OFpIn5y-OR31f8e.js]
[static.xx.fbcdn.net/rsrc.php/v3/y2/r/JJS7kX5_Tjk1f8e.js]
[static.xx.fbcdn.net/rsrc.php/v3iaAY4/yT/l/vi_VN/p3Qq7N0N-9_1f8e.js]
[static.xx.fbcdn.net/rsrc.php/v3idou4/y1/l/vi_VN/2Gk2h4SSWO61f8e.js]
[static.xx.fbcdn.net/rsrc.php/v3iPP04/yj/l/vi_VN/WywJ30nZCg81f8e.js]
[static.xx.fbcdn.net/rsrc.php/v3iXMQ4/yP/l/vi_VN/5lvUi-19IfI1f8e.js]
[static.xx.fbcdn.net/rsrc.php/v3iq7m4/yc/l/vi_VN/81ESmbgi1a11f8e.js]
[static.xx.fbcdn.net/rsrc.php/v3iQXl4/yR/l/vi_VN/eoZphW31uvf1f8e.js]
[static.xx.fbcdn.net/rsrc.php/v3iL6I4/yB/l/vi_VN/piuKZMyhYzo1f8e.js]
[static.xx.fbcdn.net/rsrc.php/v3/ya/r/XP56P9K0ulM1f8e.js]
[static.xx.fbcdn.net/rsrc.php/v3/y-/r/ErKAQ6Wb_xH1f8e.js]
[static.xx.fbcdn.net/rsrc.php/v3i3k-4/yL/l/vi_VN/NR5A5sa8C2l1f8e.js]
[static.xx.fbcdn.net/rsrc.php/v3i4hB4/y3/l/vi_VN/Vl5-f-5wBLc1f8e.js]
[static.xx.fbcdn.net/rsrc.php/v3iDz34/yx/l/vi_VN/FBtON6uIPj61f8e.js]
[static.xx.fbcdn.net/rsrc.php/v3/yk/r/U03XVnAUaiL1f8e.js]
[static.xx.fbcdn.net/rsrc.php/v3/yM/r/fuC8WBYipdp1f8e.js]
[static.xx.fbcdn.net/rsrc.php/v3i1MJ4/yp/l/vi_VN/06j_Mi490L81f8e.js]
[static.xx.fbcdn.net/rsrc.php/v3iUJZ4/y8/l/vi_VN/5D6L_tylvBV1f8e.js]
[static.xx.fbcdn.net/rsrc.php/v3ihKG4/yw/l/vi_VN/Mo6r4nzNXTf1f8e.js]
[static.xx.fbcdn.net/rsrc.php/v3i4Gu4/y5/l/vi_VN/mPrXs5BGkRo1f8e.js]
[static.xx.fbcdn.net/rsrc.php/v3/yC/r/f72HfGVB_co1f8e.js]
[static.xx.fbcdn.net/rsrc.php/v3iV344/yx/l/vi_VN/4TJoC9tP-Sg1f8e.js]
[static.xx.fbcdn.net/rsrc.php/v3/yT/r/Gn49xko01PV1f8e.js]
[static.xx.fbcdn.net/rsrc.php/v3iRBF4/yc/l/vi_VN/8HlxsluE9Q61f8e.js]
[static.xx.fbcdn.net/rsrc.php/v3/yh/r/Ggt7Pk-zIre1f8e.js]
[static.xx.fbcdn.net/rsrc.php/v3/yu/r/hQB7594HNke1f8e.js]
[static.xx.fbcdn.net/rsrc.php/v3/ys/r/izIKDkXA1WI1f8e.js]
[static.xx.fbcdn.net/rsrc.php/v3/yp/r/giLgLrkDfAQ1f8e.js]
[static.xx.fbcdn.net/rsrc.php/v3/yy/r/mBEDWJnLYNs1f8e.js]
[static.xx.fbcdn.net/rsrc.php/v3/yu/r/b97RmM2WYC91f8e.js]
[static.xx.fbcdn.net/rsrc.php/v3i2vH4/yV/l/vi_VN/LJpmW0hsauq1f8e.js]
[static.xx.fbcdn.net/rsrc.php/v3iBjD4/yi/l/vi_VN/793YgpEigA81f8e.js]
[static.xx.fbcdn.net/rsrc.php/v3/y3/r/pZHOj4dDoWq1f8e.js]
[static.xx.fbcdn.net/rsrc.php/v3iLeD4/yS/l/vi_VN/6ZvvoMbfk4s1f8e.js]
[static.xx.fbcdn.net/rsrc.php/v3/yM/r/OOenbIX6AiN1f8e.js]
[static.xx.fbcdn.net/rsrc.php/v3iYbj4/yc/l/vi_VN/NDUXJJk5VPs1f8e.js]
[static.xx.fbcdn.net/rsrc.php/v3i5Zb4/ya/l/vi_VN/DL0yxWT1gEE1f8e.js]
[static.xx.fbcdn.net/rsrc.php/v3/yb/r/EeFgCabVMim1f8e.js]
[static.xx.fbcdn.net/rsrc.php/v3ir_J4/y5/l/vi_VN/idM2aP3InXh1f8e.js]
[static.xx.fbcdn.net/rsrc.php/v3iz7J4/yb/l/vi_VN/nHuedQ0DwfW1f8e.js]
[static.xx.fbcdn.net/rsrc.php/v3i3ae4/y4/l/vi_VN/DZYbT8FlCSA1f8e.js]
[static.xx.fbcdn.net/rsrc.php/v3inGX4/yG/l/vi_VN/YH5Y8uccVj51f8e.js]
[static.xx.fbcdn.net/rsrc.php/v3iNTX4/y9/l/vi_VN/YGtE2ayqGnf1f8e.js]
[static.xx.fbcdn.net/rsrc.php/v3/y9/r/5J5E_2NZqkx1f8e.js]
[static.xx.fbcdn.net/rsrc.php/v3iY3n4/yB/l/vi_VN/3TiNjwwFeyC1f8e.js]
[static.xx.fbcdn.net/rsrc.php/v3i3Sl4/yb/l/vi_VN/KdewGW94Aa91f8e.js]
[scontent-hkt1-1.xx.fbcdn.net/v/t1.6435-0/c0.106.960.960a/s261x260/190610430_902868046926271_160549540066472438_n8ce0.jpg]
[www.facebook.com/login/device-based/regular/login/indexcc01.html]
[scontent-hkt1-2.xx.fbcdn.net/v/t1.6435-0/c0.29.261.261a/p261x260/186561572_902865850259824_6436764538337074348_ne798.jpg]
[scontent-hkt1-2.xx.fbcdn.net/v/t1.6435-0/c43.0.260.260a/p261x260/186534261_902866890259720_1278285130118531281_n828e.jpg]
[scontent-hkt1-2.xx.fbcdn.net/v/t1.6435-0/c0.185.720.720a/s261x260/190122023_919158871988001_3666347523554558435_nb2e1.jpg]
[scontent-hkt1-1.xx.fbcdn.net/v/t1.6435-0/c28.0.260.260a/p261x260/188063338_471390784159716_3174054988449601857_n350b.jpg]
[scontent-hkt1-2.xx.fbcdn.net/v/t1.6435-0/c101.0.260.260a/p261x260/186488212_1195937990837288_7079655217609465539_n103e.jpg]
[scontent-hkt1-2.xx.fbcdn.net/v/t45.5328-4/c0.160.960.960a/p960x960/191646174_4413311895370111_335115400948907032_n.pngb90f.jpg]
[scontent-hkt1-2.xx.fbcdn.net/v/t1.6435-0/c0.79.720.720a/s261x260/187835266_2896538973949014_6557227898670403311_n3395.jpg]
[www.facebook.com/marketplace/category/propertyrentals/index.html]
[www.facebook.com/marketplace/category/vehicles/index.html]
[www.facebook.com/marketplace/category/propertyforsale/index.html]
[www.facebook.com/marketplace/category/home-improvements/index.html]
[scontent-hkt1-1.xx.fbcdn.net/v/t1.6435-0/c43.0.260.260a/p261x260/191504332_1479144439104986_3870355698203745642_n84e8.jpg]
[www.facebook.com/marketplace/category/family/index.html]
[www.facebook.com/marketplace/category/entertainment/index.html]
[www.facebook.com/marketplace/category/garden/index.html]
[www.facebook.com/marketplace/category/instruments/index.html]
[scontent-hkt1-2.xx.fbcdn.net/v/t1.6435-0/c0.29.261.261a/p261x260/189449684_148734167276320_2616811740442611293_n2009.jpg]
[www.facebook.com/marketplace/category/classifieds/index.html]
[www.facebook.com/marketplace/category/free/index.html]
[www.facebook.com/marketplace/category/sports/index.html]
[scontent-hkt1-1.xx.fbcdn.net/v/t1.6435-0/c101.0.260.260a/p261x260/186515329_948732055885015_3105142679522284810_n6651.jpg]
[www.facebook.com/marketplace/category/office-supplies/index.html]
[www.facebook.com/marketplace/category/hobbies/index.html]
[www.facebook.com/marketplace/category/toys/index.html]
[scontent-hkt1-1.xx.fbcdn.net/v/t1.6435-0/c43.0.260.260a/p261x260/186964339_205269208085212_8942072762314738958_nc814.jpg]
[www.facebook.com/marketplace/category/pets/index.html]
[www.facebook.com/marketplace/category/home/index.html]
[www.facebook.com/marketplace/category/apparel/index.html]
[scontent-hkt1-1.xx.fbcdn.net/v/t45.5328-4/c53.0.854.854a/188969181_3850975908332410_8000259823799909503_n.png6614.jpg]
[www.facebook.com/marketplace/category/electronics/index.html]
[www.facebook.com/marketplace/categories/index.html]
[www.facebook.com/marketplace/109520185745095/index.html]
[scontent-hkt1-2.xx.fbcdn.net/v/t1.6435-0/c0.29.261.261a/p261x260/187237400_523802251982881_618709084777496768_n5224.jpg]
[www.facebook.com/marketplace/111594832195285/index.html]
[scontent-hkt1-1.xx.fbcdn.net/v/t45.5328-4/c0.160.960.960a/p960x960/191120310_5581311655244485_4214458425227422644_n.png734b.jpg]
[www.facebook.com/marketplace/107412979294258/index.html]
[www.facebook.com/marketplace/116333121713587/index.html]
[www.facebook.com/marketplace/112808562071446/index.html]
[www.facebook.com/marketplace/directory/VN/index.html]
[scontent-hkt1-2.xx.fbcdn.net/v/t1.6435-0/s261x260/190467262_1916645041816972_7840759224256813531_nb6e9.jpg]
[scontent-hkt1-2.xx.fbcdn.net/v/t1.6435-0/s261x260/188514336_920445092053612_7906258524457432111_n60c5.jpg]
[scontent-hkt1-2.xx.fbcdn.net/v/t45.5328-4/c120.0.719.719a/193140403_3922511577817894_6194671351713766310_n.png3f6c.jpg]
[scontent-hkt1-2.xx.fbcdn.net/v/t1.6435-0/c0.29.261.261a/p261x260/188582400_831011064174077_8268987480095552545_n0f4f.jpg]
[scontent-hkt1-2.xx.fbcdn.net/v/t1.6435-0/c43.0.260.260a/p261x260/189921281_515546186460979_1020659462807680854_n3518.jpg]
[scontent-hkt1-2.xx.fbcdn.net/v/t45.5328-4/c160.0.960.960a/p960x960/183942964_3628543620583469_1511188650620118518_n.png72e9.jpg]
[www.facebook.com/marketplace/learn-more/index.html]
[scontent-hkt1-2.xx.fbcdn.net/v/t45.5328-4/c160.0.960.960a/p960x960/183942964_3628543620583469_1511188650620118518_ne02d.png]
[scontent-hkt1-2.xx.fbcdn.net/v/t1.6435-0/c0.106.960.960a/s261x260/192874661_113588547587642_7542852094360715202_ncf52.jpg]
[scontent-hkt1-1.xx.fbcdn.net/v/t45.5328-4/c0.160.960.960a/p960x960/187798433_5586676924740809_2952462292600719873_n.png7d03.jpg]
[www.facebook.com/marketplace/item/533137354540282/indexafba.html]
[www.facebook.com/marketplace/item/4768532103174470/indexafba.html]
[www.facebook.com/marketplace/item/894266817789304/indexafba.html]
[scontent-hkt1-1.xx.fbcdn.net/v/t45.5328-4/c0.160.960.960a/p960x960/187798433_5586676924740809_2952462292600719873_nf214.png]
[www.facebook.com/marketplace/item/596635487968617/indexafba.html]
[www.facebook.com/marketplace/item/482284439522134/indexafba.html]
[www.facebook.com/marketplace/item/233031968163153/indexafba.html]
[scontent-hkt1-1.xx.fbcdn.net/v/t1.6435-0/c0.29.261.261a/p261x260/191366887_983300705541145_9019452430787916051_n4e5a.jpg]
[scontent-hkt1-1.xx.fbcdn.net/v/t1.6435-0/c43.0.260.260a/p261x260/187160520_130276592501406_5829602217570014501_ne9ca.jpg]
[scontent-hkt1-2.xx.fbcdn.net/v/t1.6435-0/c43.0.260.260a/p261x260/191292815_1139250513238642_447231471169701252_n8fdf.jpg]
[www.facebook.com/marketplace/item/477323686863026/indexafba.html]
[www.facebook.com/marketplace/item/438984323843012/indexafba.html]
[www.facebook.com/marketplace/item/777849919589480/indexafba.html]
[www.facebook.com/marketplace/item/186729473230774/indexafba.html]
[www.facebook.com/marketplace/item/205747481265735/indexafba.html]
[www.facebook.com/marketplace/item/305920594403149/indexafba.html]
[www.facebook.com/marketplace/index.html]
[www.facebook.com/marketplace/item/322973335941807/indexafba.html]
[www.facebook.com/marketplace/item/751859935488748/indexafba.html]
[www.facebook.com/marketplace/item/3963747807074163/indexafba.html]
[www.facebook.com/marketplace/item/1415362415488955/indexafba.html]
[www.facebook.com/groups/index6141.html]
[www.facebook.com/login/indexda78.html]
[www.facebook.com/login/indexba84.html]
[www.facebook.com/login/indexea54.html]
[www.facebook.com/login/indexd81a.html]
[www.facebook.com/marketplace/item/258489552697240/indexafba.html]
[www.facebook.com/marketplace/item/273085517839233/indexafba.html]
[www.facebook.com/login/index79ce.html]
[www.facebook.com/login/indexad9f.html]
[www.facebook.com/login/indexca63.html]
[www.facebook.com/login/index9e41.html]
[www.facebook.com/login/index5094.html]
[www.facebook.com/login/indexfcb6.html]
[www.facebook.com/login/index19f5.html]
[www.facebook.com/login/index7d0a.html]
[www.facebook.com/login/indexde68.html]
[www.facebook.com/login/indexf2f6.html]
[www.facebook.com/login/indexfe20.html]
[www.facebook.com/login/indexc9f5.html]
[www.facebook.com/login/indexd643.html]
[www.facebook.com/login/indexc115.html]
[www.facebook.com/login/indexcd9f.html]
[www.facebook.com/login/indexc94a.html]
[www.facebook.com/login/index9d13.html]
[www.facebook.com/login/indexa636.html]
[www.facebook.com/login/indexffbb.html]
[www.facebook.com/login/index4b84.html]
[www.facebook.com/login/index0746.html]
[www.facebook.com/login/index0955.html]
[www.facebook.com/login/index6cfc.html]
[scontent-hkt1-1.xx.fbcdn.net/v/t1.6435-9/71024675_128088905229462_2581851639312809984_ne01e.jpg]
[scontent-hkt1-1.xx.fbcdn.net/v/t1.6435-9/118287225_2794861657282246_4794492025490101817_n209e.jpg]
[www.facebook.com/groups/634791290746287.html]
[www.facebook.com/groups/307464923202824.html]
[scontent-hkt1-1.xx.fbcdn.net/v/t1.6435-9/104428969_177602263768996_8644951178298615556_n0a07.jpg]
[www.facebook.com/groups/536293043747145.html]
[www.facebook.com/groups/615328352487784.html]
[scontent-hkt1-1.xx.fbcdn.net/v/t1.6435-0/cp0/c41.0.50.50a/p50x50/159924968_10159123053888197_8809678989730911543_nd096.jpg]
[scontent-hkt1-1.xx.fbcdn.net/v/t1.6435-0/cp0/p50x50/164025536_274612427562611_4668111113949008600_n8e38.jpg]
[www.facebook.com/groups/1228169470849996.html]
[scontent-hkt1-1.xx.fbcdn.net/v/t1.6435-9/140621256_236645427955632_9181223778163517803_n0ea4.jpg]
[www.facebook.com/groups/252087719779390.html]
[scontent-hkt1-1.xx.fbcdn.net/v/t1.6435-0/cp0/c23.0.50.50a/p50x50/189533871_315531146768165_2402587466122913166_n4cd1.jpg]
[scontent-hkt1-1.xx.fbcdn.net/v/t1.6435-9/116906203_3508297232537600_4955735254577645577_n3c7c.jpg]
[www.facebook.com/groups/1354418671272171.html]
[scontent-hkt1-1.xx.fbcdn.net/v/t1.6435-0/cp0/c17.0.50.50a/p50x50/187692455_4066975693340745_6368895442026190112_n5fca.jpg]
[www.facebook.com/groups/249018798847157.html]
[scontent-hkt1-1.xx.fbcdn.net/v/t1.6435-0/cp0/c8.0.50.50a/p50x50/184688816_800711603900981_1172710683930636760_n0a76.jpg]
[www.facebook.com/groups/456929628904615.html]
[www.facebook.com/groups/141971807897453.html]
[scontent-hkt1-1.xx.fbcdn.net/v/t1.6435-0/cp0/c25.0.50.50a/p50x50/178753417_3336973399738624_3826736788410669710_n86dd.jpg]
[www.facebook.com/groups/423723538549833.html]
[scontent-hkt1-1.xx.fbcdn.net/v/t1.6435-0/cp0/p50x50/182280529_1055947554811191_8729209750591806574_n86cd.jpg]
[www.facebook.com/groups/1532290473624892.html]
[scontent-hkt1-1.xx.fbcdn.net/v/t1.6435-9/68557209_10219582594346461_5167933026843230208_n085f.jpg]
[www.facebook.com/groups/3019137594827372.html]
[scontent-hkt1-1.xx.fbcdn.net/v/t1.6435-9/136640635_416504286332829_3013235520505669653_nfb13.jpg]
[scontent-hkt1-1.xx.fbcdn.net/v/t1.6435-0/cp0/c23.0.50.50a/p50x50/187879175_10220763455768724_5826594105145387242_n8ed8.jpg]
[www.facebook.com/groups/203417691447045.html]
[www.facebook.com/groups/1125804114216204.html]
[www.facebook.com/groups/351905935210376.html]
[scontent-hkt1-1.xx.fbcdn.net/v/t1.6435-0/cp0/c23.0.50.50a/p50x50/181823555_4267484326618283_6337476579413127419_n28d3.jpg]
[scontent-hkt1-1.xx.fbcdn.net/v/t1.6435-9/119649201_212534553834661_451995167062907836_ndb9f.jpg]
[www.facebook.com/groups/631584496908545.html]
[www.facebook.com/groups/871176893326326.html]
[scontent-hkt1-1.xx.fbcdn.net/v/t1.6435-0/cp0/c23.0.50.50a/p50x50/174678373_10102918451803225_3917053550968408993_n352f.jpg]
[www.facebook.com/login/index645b.html]
[www.facebook.com/login/index662f.html]
[www.facebook.com/directory/groups/index.html]
[www.facebook.com/login/index667e.html]
[static.xx.fbcdn.net/rsrc.php/v3/y2/l/0,cross/vmRRgrHZqvU1f8e.css]
[www.facebook.com/login/indexd49c.html]
[static.xx.fbcdn.net/rsrc.php/v3/yu/l/0,cross/56v03SpD3yp1f8e.css]
[static.xx.fbcdn.net/rsrc.php/v3/yR/l/0,cross/q-v81MeQtd_1f8e.css]
[static.xx.fbcdn.net/rsrc.php/v3/y-/r/H7TS-dDcACx1f8e.js]
[static.xx.fbcdn.net/rsrc.php/v3iWPy4/yI/l/vi_VN/2oYgt3c55qe1f8e.js]
[static.xx.fbcdn.net/rsrc.php/v3iu2g4/yM/l/vi_VN/V8DqCehSgK71f8e.js]
[static.xx.fbcdn.net/rsrc.php/v3i10w4/yy/l/vi_VN/yrGtihAE_C01f8e.js]
[static.xx.fbcdn.net/rsrc.php/v3/yp/r/a7I8yz6E4ix1f8e.js]
[static.xx.fbcdn.net/rsrc.php/v3iLGF4/yq/l/vi_VN/D7R0FcLjUID1f8e.js]
[static.xx.fbcdn.net/rsrc.php/v3imYU4/yX/l/vi_VN/5ZSMdnNhI1u1f8e.js]
[static.xx.fbcdn.net/rsrc.php/v3/y6/r/sKUFgwj3P051f8e.js]
[static.xx.fbcdn.net/rsrc.php/v3iJ044/yw/l/vi_VN/J-C6b263CK31f8e.js]
[static.xx.fbcdn.net/rsrc.php/v3iTK94/yB/l/vi_VN/XexLdczWq5j1f8e.js]
[static.xx.fbcdn.net/rsrc.php/v3/yW/r/uhUc_Vlr5ti1f8e.js]
[www.facebook.com/jobs/theaustralian.com.html]
[www.facebook.com/jobs/news.com.html]
[www.facebook.com/jobs/kollosche.com.html]
[www.facebook.com/jobs/index.html]
[www.facebook.com/jobs/awstrack.html]
[static.xx.fbcdn.net/rsrc.php/v3/yR/l/0,cross/Mmc8VXMTEaw1f8e.css]
[www.facebook.com/jobs/ROGc8q.html]
[www.facebook.com/local/lists/140164896561189/index.html]
[scontent-hkt1-2.xx.fbcdn.net/v/t1.6435-0/p526x296/28951900_433127180453285_1778346572006817792_n4b38.jpg]
[www.facebook.com/reg/indexe68f.html]
[scontent-hkt1-1.xx.fbcdn.net/v/t34.18173-12/s851x315/38977608_1062083710664780_1342282764_n889d.jpg]
[www.facebook.com/local/lists/350492278720904/index.html]
[scontent-hkt1-2.xx.fbcdn.net/v/t34.18173-12/s851x315/38977580_636072030237422_1081490330_n4fc7.jpg]
[www.facebook.com/local/lists/822691421245382/index.html]
[scontent-hkt1-1.xx.fbcdn.net/v/t31.18172-0/p235x350/22496096_1672845066082267_1781520529777673483_o98d8.jpg]
[www.facebook.com/local/lists/277120572806827/index.html]
[scontent-hkt1-1.xx.fbcdn.net/v/t34.18173-0/s640x640/38977549_2836632976407091_192128994_n952c.jpg]
[www.facebook.com/local/lists/1794930340798939/index.html]
[www.facebook.com/local/lists/314656455807091/index.html]
[scontent-hkt1-1.xx.fbcdn.net/v/t34.18173-12/65420931_2367528109972903_1307948284_ndd3b.jpg]
[scontent-hkt1-1.xx.fbcdn.net/v/t34.18173-12/p851x315/38987161_407104620145337_1303306313_nfa82.jpg]
[www.facebook.com/local/lists/282281645738876/index.html]
[scontent-hkt1-2.xx.fbcdn.net/v/t31.18172-0/p235x350/17973756_1748526801830642_2464024363022964455_o2b97.jpg]
[www.facebook.com/local/lists/2188465421436881/index.html]
[scontent-hkt1-1.xx.fbcdn.net/v/t34.18173-0/s640x640/39029400_2836513029696856_2112961704_nad2b.jpg]
[www.facebook.com/local/lists/721016711573279/index.html]
[scontent-hkt1-1.xx.fbcdn.net/v/t34.18173-0/p235x350/38987148_3294245037255939_1911032287_n3080.jpg]
[www.facebook.com/local/lists/407120086418013/index.html]
[scontent-hkt1-1.xx.fbcdn.net/v/t31.18172-8/s851x315/210433_112963812121270_774033_oe356.jpg]
[www.facebook.com/local/lists/1413791772068003/index.html]
[www.facebook.com/local/lists/1877400012277256/index.html]
[scontent-hkt1-2.xx.fbcdn.net/v/t31.18172-8/p851x315/11039065_1125645837449593_4423563678610184025_o7b31.jpg]
[www.facebook.com/local/lists/603098473365867/index.html]
[scontent-hkt1-1.xx.fbcdn.net/v/t34.18173-0/p235x350/39034351_3533394193353382_1130627308_n330f.jpg]
[www.facebook.com/local/lists/122793525088516/index.html]
[scontent-hkt1-1.xx.fbcdn.net/v/t34.18173-12/38977514_428265911231375_638898367_n5ff9.jpg]
[www.facebook.com/local/lists/118320345513049/index.html]
[scontent-hkt1-2.xx.fbcdn.net/v/t31.18172-8/s851x315/11953322_984965891545675_4177221477087591795_ode31.jpg]
[www.facebook.com/local/lists/157447788390013/index.html]
[www.facebook.com/local/lists/105855370209721/index.html]
[scontent-hkt1-2.xx.fbcdn.net/v/t31.18172-0/p235x350/17973913_1460202697334304_2001364303619210108_offb1.jpg]
[www.facebook.com/local/lists/133959617219230/index.html]
[scontent-hkt1-1.xx.fbcdn.net/v/t34.18173-12/s851x315/38988462_451570912361894_1915973057_nb18e.jpg]
[www.facebook.com/local/lists/1932881643623085/index.html]
[www.facebook.com/local/lists/136728613616708/index.html]
[scontent-hkt1-1.xx.fbcdn.net/v/t34.18173-12/38988479_1077622662447093_865363622_nec49.jpg]
[www.facebook.com/local/lists/291696614994464/index.html]
[scontent-hkt1-1.xx.fbcdn.net/v/t34.18173-12/38977644_2926343470715448_376169631_n963f.jpg]
[scontent-hkt1-1.xx.fbcdn.net/v/t31.18172-8/s851x315/11856354_1023922887639645_1696076959700963397_o57e3.jpg]
[www.facebook.com/local/lists/1766507960324116/index.html]
[www.facebook.com/local/lists/427820267750694/index.html]
[www.facebook.com/local/lists/997494800421920/index.html]
[www.facebook.com/local/lists/163803774182568/index.html]
[scontent-hkt1-2.xx.fbcdn.net/v/t31.18172-0/s600x600/17973723_1275219612513669_5683443682725333458_o1a48.jpg]
[www.facebook.com/local/lists/1922964627950495/index.html]
[scontent-hkt1-1.xx.fbcdn.net/v/t31.18172-8/s851x315/11947992_1485400908420076_1073372689999701111_o1fbc.jpg]
[www.facebook.com/local/lists/735692059974066/index.html]
[www.facebook.com/local/lists/1585043888277305/index.html]
[scontent-hkt1-2.xx.fbcdn.net/v/t34.18173-12/s851x315/39029712_2443962045742296_262617094_n43d0.jpg]
[www.facebook.com/local/lists/983369105174085/index.html]
[scontent-hkt1-1.xx.fbcdn.net/v/t34.18173-0/p235x350/38977830_2443985819014150_1099240169_n34b3.jpg]
[www.facebook.com/local/lists/2784961924976267/index.html]
[scontent-hkt1-2.xx.fbcdn.net/v/t34.18173-0/s640x640/39029632_477918539630749_1033663310_n5d64.jpg]
[www.facebook.com/local/lists/243721452822813/index.html]
[scontent-hkt1-1.xx.fbcdn.net/v/t31.18172-0/p235x350/17990514_1719038868112157_6889869411023005864_o837f.jpg]
[www.facebook.com/local/lists/499242587194841/index.html]
[www.facebook.com/local/lists/261418858093032/index.html]
[scontent-hkt1-1.xx.fbcdn.net/v/t34.18173-12/s851x315/38977523_2166953340079312_493567603_nb1a2.jpg]
[www.facebook.com/local/lists/1746564778980197/index.html]
[www.facebook.com/local/lists/2156548951254790/index.html]
[scontent-hkt1-2.xx.fbcdn.net/v/t31.18172-0/p235x350/11950364_1031035610262741_8792556448793159831_o8c51.jpg]
[www.facebook.com/local/lists/170516373646350/index.html]
[scontent-hkt1-1.xx.fbcdn.net/v/t34.18173-12/38977831_595840990912414_1493956344_n0165.jpg]
[www.facebook.com/local/lists/1528039540572604/index.html]
[www.facebook.com/local/lists/1375317409268497/index.html]
[scontent-hkt1-2.xx.fbcdn.net/v/t34.18173-12/39029525_633193837177573_1777044526_n203f.jpg]
[www.facebook.com/local/lists/227435877952062/index.html]
[scontent-hkt1-1.xx.fbcdn.net/v/t34.18173-0/s552x414/38977693_2913113238913885_1249278832_nf2d6.jpg]
[www.facebook.com/local/lists/193532138171257/index.html]
[scontent-hkt1-1.xx.fbcdn.net/v/t34.18173-12/s851x315/38977701_451799578705214_375603052_na02d.jpg]
[www.facebook.com/local/lists/281807982642440/index.html]
[scontent-hkt1-1.xx.fbcdn.net/v/t34.18173-12/s851x315/39034771_2037947502981408_1564690009_ncbf5.jpg]
[www.facebook.com/local/lists/2119526528331808/index.html]
[scontent-hkt1-2.xx.fbcdn.net/v/t31.18172-0/s600x600/11143432_911329548903008_9187255405209203868_ob015.jpg]
[www.facebook.com/local/lists/133991690583327/index.html]
[scontent-hkt1-2.xx.fbcdn.net/v/t34.18173-0/p235x350/38977747_525047831368350_290076541_n3cdf.jpg]
[www.facebook.com/local/lists/463560160818432/index.html]
[scontent-hkt1-1.xx.fbcdn.net/v/t31.18172-0/p235x350/12029850_1097304093631893_2724569472560643696_off0a.jpg]
[www.facebook.com/local/lists/1011429365699280/index.html]
[scontent-hkt1-1.xx.fbcdn.net/v/t31.18172-0/p235x350/17973638_1499255370086518_1121788521144799693_oacec.jpg]
[www.facebook.com/local/lists/200287830701109/index.html]
[www.facebook.com/local/lists/330136770848096/index.html]
[www.facebook.com/local/lists/1862969040685878/index.html]
[scontent-hkt1-1.xx.fbcdn.net/v/t34.18173-0/s640x640/38987147_2912035169022559_605268980_nd65e.jpg]
[www.facebook.com/local/lists/175566309816813/index.html]
[scontent-hkt1-2.xx.fbcdn.net/v/t34.18173-0/s640x640/39029539_2856662441042388_1894715826_n3203.jpg]
[www.facebook.com/local/lists/2115915865344603/index.html]
[scontent-hkt1-1.xx.fbcdn.net/v/t34.18173-12/p851x315/38977504_403837540258733_493655961_n9073.jpg]
[www.facebook.com/local/lists/236316910438774/index.html]
[scontent-hkt1-2.xx.fbcdn.net/v/t31.18172-8/s851x315/11952933_873009916068769_1299094213025023223_o2fa6.jpg]
[www.facebook.com/local/lists/1210483689098392/index.html]
[scontent-hkt1-2.xx.fbcdn.net/v/t34.18173-12/38977514_726297607788121_954262836_ncc90.jpg]
[www.facebook.com/local/lists/1933041657021091/index.html]
[www.facebook.com/local/lists/167106497194967/index.html]
[scontent-hkt1-1.xx.fbcdn.net/v/t34.18173-0/s640x640/39029442_3390963967588419_1039477811_nb4e1.jpg]
[scontent-hkt1-2.xx.fbcdn.net/v/t34.18173-0/p235x350/39029654_2375483532487964_1959690842_n3404.jpg]
[www.facebook.com/local/lists/161133511409943/index.html]
[scontent-hkt1-2.xx.fbcdn.net/v/t31.18172-0/s552x414/12022499_959468247428664_3492749646723410105_o3b3a.jpg]
[www.facebook.com/local/lists/211869119588817/index.html]
[scontent-hkt1-1.xx.fbcdn.net/v/t34.18173-12/s851x315/39001776_3615196218494382_1463159571_n8288.jpg]
[www.facebook.com/local/lists/2040493425970489/index.html]
[www.facebook.com/local/lists/469634513557767/index.html]
[scontent-hkt1-1.xx.fbcdn.net/v/t31.18172-8/s851x315/17990651_1560944087257794_5395052542532830476_oa3ea.jpg]
[www.facebook.com/local/lists/2034689753468384/index.html]
[www.facebook.com/local/lists/1666868000090671/index.html]
[scontent-hkt1-1.xx.fbcdn.net/v/t34.18173-0/s600x600/38977600_3101644406637403_1161534081_nb2d1.jpg]
[www.facebook.com/local/lists/831062150388729/index.html]
[scontent-hkt1-2.xx.fbcdn.net/v/t31.18172-0/p526x296/11885116_937738632934831_2489184333267062150_oe9f5.jpg]
[www.facebook.com/local/lists/141817569885211/index.html]
[scontent-hkt1-2.xx.fbcdn.net/v/t34.18173-12/39001783_682765185482060_1314379272_nfe07.jpg]
[www.facebook.com/local/lists/507185746358529/index.html]
[scontent-hkt1-2.xx.fbcdn.net/v/t1.18169-0/p526x296/15965309_312703692464309_978742694877924179_n5600.jpg]
[www.facebook.com/local/lists/1903931246527942/index.html]
[www.facebook.com/local/lists/508525762872683/index.html]
[www.facebook.com/local/lists/1065837790249465/index.html]
[www.facebook.com/local/lists/1515188695229675/index.html]
[www.facebook.com/local/lists/349270695506740/index.html]
[www.facebook.com/local/lists/602042240184433/index.html]
[www.facebook.com/local/lists/245019872666104/__inst_1de146dc_0_0_a]
[www.facebook.com/local/lists/245019872666104/cAzHxn]
[www.facebook.com/local/lists/446794405717957/index.html]
[www.facebook.com/local/lists/245019872666104/xnysXB]
[www.facebook.com/local/lists/304255760172002/index.html]
[www.facebook.com/local/lists/286294221858626/index.html]
[www.facebook.com/local/lists/126737144617122/index.html]
[www.facebook.com/local/lists/982557061886748/index.html]
[www.facebook.com/local/lists/245019872666104/4QSOXb]
[www.facebook.com/local/lists/179078129693507/index.html]
[www.facebook.com/local/lists/179226042639477/index.html]
[www.facebook.com/local/lists/191717718040125/index.html]
[www.facebook.com/local/lists/123162908330864/index.html]
[www.facebook.com/local/lists/245019872666104/KufrNF]
[www.facebook.com/local/lists/245019872666104/index.html]
[www.facebook.com/local/lists/2205882909686168/index.html]
[www.facebook.com/local/lists/1595073087224655/index.html]
[www.facebook.com/local/lists/1230458087060852/index.html]
[www.facebook.com/local/lists/125363808093883/index.html]
[static.xx.fbcdn.net/rsrc.php/v3/yx/l/0,cross/4aFbStvDJ_21f8e.css]
[www.facebook.com/local/lists/335288020372814/index.html]
[static.xx.fbcdn.net/rsrc.php/v3/yj/l/0,cross/WyZrDkh6_Zg1f8e.css]
[www.facebook.com/local/lists/2095439807340441/index.html]
[www.facebook.com/local/lists/1938903046392532/index.html]
[static.xx.fbcdn.net/rsrc.php/v3/yX/l/0,cross/GYgxGSuElbD1f8e.css]
[www.facebook.com/local/lists/709661862559805/index.html]
[www.facebook.com/local/lists/798565280305532/index.html]
[www.facebook.com/local/lists/352848195156476/index.html]
[static.xx.fbcdn.net/rsrc.php/v3/yw/l/0,cross/xiJ9yIzt1g01f8e.css]
[www.facebook.com/local/lists/1434884753215189/index.html]
[static.xx.fbcdn.net/rsrc.php/v3/yG/l/0,cross/B4odoHW_RfY1f8e.css]
[www.facebook.com/local/lists/2172836892986627/index.html]
[static.xx.fbcdn.net/rsrc.php/v3/yl/l/0,cross/AWSt3M8vkN91f8e.css]
[www.facebook.com/local/lists/1552871528102689/index.html]
[www.facebook.com/local/lists/129815524417358/index.html]
[static.xx.fbcdn.net/rsrc.php/v3/y9/l/0,cross/918q_loPLfd1f8e.css]
[www.facebook.com/local/lists/1974365186175138/index.html]
[static.xx.fbcdn.net/rsrc.php/v3/yb/l/0,cross/xCruVLMaW5Q1f8e.css]
[www.facebook.com/local/lists/217764352092051/index.html]
[scontent-hkt1-1.xx.fbcdn.net/v/t1.6435-1/cp0/p60x60/31956724_10156115881810853_6251122778167050240_n9695.png]
[www.facebook.com/local/lists/890829784418054/index.html]
[scontent-hkt1-2.xx.fbcdn.net/v/t1.6435-0/p64x64/189198718_10221700030623313_5235250654559203330_ncdf6.jpg]
[www.facebook.com/local/lists/100777227342192/index.html]
[www.facebook.com/local/lists/916746181860566/index.html]
[scontent-hkt1-2.xx.fbcdn.net/v/t1.6435-0/cp0/p64x64/148024739_10222049755845657_6612434645343348074_n4899.jpg]
[www.facebook.com/local/lists/2170015873319548/index.html]
[scontent-hkt1-1.xx.fbcdn.net/v/t1.6435-0/s118x90/124860919_121860679710625_2139537858127784260_n29e7.jpg]
[www.facebook.com/local/lists/239565856569083/index.html]
[www.facebook.com/morgan.html]
[www.facebook.com/local/lists/313271686138199/index.html]
[www.facebook.com/local/lists/181597406107093/index.html]
[www.facebook.com/local/lists/124727598186443/index.html]
[scontent-hkt1-1.xx.fbcdn.net/v/t1.6435-0/s118x90/158267932_10215409625312529_7110380599707633837_n4e55.jpg]
[www.facebook.com/local/lists/334211534017641/index.html]
[www.facebook.com/local/lists/165172534243501/index.html]
[www.facebook.com/local/lists/1945809905701876/index.html]
[scontent-hkt1-1.xx.fbcdn.net/v/t1.6435-0/cp0/p64x64/158825708_10158197542743022_1282826182281036489_n1b5d.jpg]
[www.facebook.com/local/lists/455487411501633/index.html]
[www.facebook.com/local/lists/121933628519255/index.html]
[www.facebook.com/local/lists/121002615264901/index.html]
[www.facebook.com/local/lists/913880648763987/index.html]
[www.facebook.com/local/lists/491714644524595/index.html]
[www.facebook.com/local/lists/152364472032115/index.html]
[scontent-hkt1-1.xx.fbcdn.net/v/t1.6435-0/p235x165/181620551_4098308883560296_2097687550131282366_n9315.jpg]
[www.facebook.com/local/lists/1836062436410906/index.html]
[www.facebook.com/local/lists/353633285083309/index.html]
[scontent-hkt1-1.xx.fbcdn.net/v/t31.18172-1/cp0/p48x48/336760_215901715134385_2034552_oc8de.jpg]
[www.facebook.com/local/lists/313446029122625/index.html]
[scontent-hkt1-1.xx.fbcdn.net/v/t1.6435-0/p160x160/100560112_10222817642648413_3636954318860451840_nbcae.jpg]
[scontent-hkt1-1.xx.fbcdn.net/v/t1.6435-1/cp0/p48x48/106385107_10158708901034474_577997414907408310_nddc6.png]
[scontent-hkt1-1.xx.fbcdn.net/v/t1.6435-0/p235x165/175722596_2785532728330591_5007915171252916188_n6fa4.jpg]
[scontent-hkt1-1.xx.fbcdn.net/v/t1.18169-1/cp0/p48x48/12308575_1665680636982478_4995737670687771706_nebee.jpg]
[scontent-hkt1-1.xx.fbcdn.net/v/t1.6435-0/p296x100/187280835_4004603152922482_603714284896156349_n8d02.jpg]
[scontent-hkt1-1.xx.fbcdn.net/v/t1.18169-1/cp0/p48x48/29244626_10155661147674751_8232608580454626599_n7188.png]
[www.facebook.com/local/lists/345844132525730/index.html]
[www.facebook.com/local/lists/526633147683999/index.html]
[scontent-hkt1-2.xx.fbcdn.net/v/t1.6435-0/p296x100/179898312_2970854463228999_4502961450120515773_n0adc.jpg]
[www.facebook.com/local/lists/197042330834699/index.html]
[www.facebook.com/local/lists/213827765860281/index.html]
[scontent-hkt1-1.xx.fbcdn.net/v/t1.6435-1/cp0/c45.117.553.553a/s48x48/70944117_10156183396872102_8473828955835596800_nc3e4.jpg]
[www.facebook.com/local/lists/1896376203707709/index.html]
[www.facebook.com/local/lists/846176415543085/index.html]
[www.facebook.com/local/lists/245899769271681/index.html]
[scontent-hkt1-2.xx.fbcdn.net/v/t1.6435-0/s417x417/179479059_1899525436879056_969251683930829012_nc47a.png]
[www.facebook.com/local/lists/681618095370820/index.html]
[www.facebook.com/local/lists/1881812482080084/index.html]
[www.facebook.com/local/lists/148119222461649/index.html]
[scontent-hkt1-1.xx.fbcdn.net/v/t1.18169-1/cp0/p48x48/1622852_379099078921707_6888419346724421446_n9b57.jpg]
[scontent-hkt1-1.xx.fbcdn.net/v/t1.6435-0/p296x100/187017992_2157352811065601_2194036158674484665_n1192.jpg]
[scontent-hkt1-1.xx.fbcdn.net/v/t1.18169-1/cp0/p48x48/21609_10153887949435513_5978350340385495888_ncd71.jpg]
[scontent-hkt1-2.xx.fbcdn.net/v/t1.6435-0/p296x100/185591719_10162537211437355_7368976982876692418_n3380.jpg]
[www.facebook.com/local/lists/255315664976499/index.html]
[www.facebook.com/local/lists/246848239332075/index.html]
[www.facebook.com/local/lists/135983683638466/index.html]
[scontent-hkt1-1.xx.fbcdn.net/v/t1.6435-1/cp0/p48x48/78752190_111654476985419_3259904809301442560_ne5f8.png]
[scontent-hkt1-1.xx.fbcdn.net/v/t1.18169-1/cp0/p48x48/16730149_10155848283154447_3587086621838571484_nebcb.jpg]
[www.facebook.com/local/lists/123029891739186/index.html]
[www.facebook.com/local/lists/1767767846855358/index.html]
[www.facebook.com/local/lists/356165221485830/index.html]
[scontent-hkt1-2.xx.fbcdn.net/v/t1.6435-0/p235x165/160386301_1957355767754978_4212973372678403357_n8d14.jpg]
[scontent-hkt1-1.xx.fbcdn.net/v/t1.6435-1/cp0/p48x48/185373911_10159028691687655_70646739066008733_n103e.png]
[www.facebook.com/local/lists/348129662622655/index.html]
[scontent-hkt1-1.xx.fbcdn.net/v/t1.6435-0/s350x350/188737135_337425774408736_7667344658844964575_nf7df.jpg]
[www.facebook.com/local/lists/470600379984162/index.html]
[www.facebook.com/local/lists/779281635529782/index.html]
[scontent-hkt1-2.xx.fbcdn.net/v/t1.6435-0/p296x100/188539207_1888461117969531_1620613325688991315_n4d99.jpg]
[www.facebook.com/local/lists/181593169081925/index.html]
[www.facebook.com/local/lists/1947471858869321/index.html]
[www.facebook.com/local/lists/271242776851580/index.html]
[scontent-hkt1-2.xx.fbcdn.net/v/t1.6435-1/cp0/p48x48/65552639_1281922791956703_1702421012026490880_n5fc6.jpg]
[www.facebook.com/local/lists/291708571349829/index.html]
[www.facebook.com/local/lists/803210333185328/index.html]
[scontent-hkt1-1.xx.fbcdn.net/v/t1.6435-0/p240x240/184261604_2862358120671774_2173495610023054987_na423.png]
[www.facebook.com/local/lists/199094010628045/index.html]
[scontent-hkt1-1.xx.fbcdn.net/v/t1.6435-1/cp0/p48x48/47689636_2186029838304609_4100147274510761984_n773b.png]
[www.facebook.com/local/lists/1917252681931149/index.html]
[scontent-hkt1-2.xx.fbcdn.net/v/t1.6435-0/p296x100/189560422_6168064316552801_1443026268448852848_n0aef.png]
[www.facebook.com/local/lists/242778179744877/index.html]
[www.facebook.com/local/lists/1948502935407813/index.html]
[www.facebook.com/local/lists/825222927656214/index.html]
[scontent-hkt1-1.xx.fbcdn.net/v/t1.6435-1/cp0/p48x48/123242205_5194187203940522_7967292099540307429_n6fc2.png]
[www.facebook.com/local/lists/132007530774230/index.html]
[scontent-hkt1-2.xx.fbcdn.net/v/t1.6435-0/p296x100/188171825_6106359992709238_1394233551972062391_n99f0.jpg]
[www.facebook.com/local/lists/1474128992707605/index.html]
[www.facebook.com/local/lists/990260077780947/index.html]
[www.facebook.com/local/lists/1995891783958371/index.html]
[scontent-hkt1-1.xx.fbcdn.net/v/t1.18169-1/cp0/c0.0.48.48a/p50x50/1240533_676120132399945_2053154381_n4bb6.jpg]
[scontent-hkt1-2.xx.fbcdn.net/v/t1.6435-0/p160x160/165263395_10221323094519497_6331344417204934223_n9fa9.jpg]
[www.facebook.com/local/lists/367472110363049/index.html]
[www.facebook.com/local/lists/1897753543880122/index.html]
[www.facebook.com/local/lists/154026622026936/index.html]
[scontent-hkt1-2.xx.fbcdn.net/v/t1.6435-0/p296x100/183811829_833664087233600_2950558051729611200_n1072.jpg]
[scontent-hkt1-2.xx.fbcdn.net/v/t1.18169-1/cp0/p48x48/26165679_171959183404097_5088436074321976326_ndcf2.png]
[scontent-hkt1-1.xx.fbcdn.net/v/t1.6435-0/p240x240/73364130_10220233960983836_5549835754957438976_nac1b.jpg]
[www.facebook.com/local/lists/280986889070523/index.html]
[www.facebook.com/local/lists/1712930085412855/index.html]
[scontent-hkt1-2.xx.fbcdn.net/v/t1.18169-1/cp0/p48x48/21151516_10155125579219983_6917386855487626375_nc4a7.png]
[www.facebook.com/local/lists/1965614783706216/index.html]
[scontent-hkt1-1.xx.fbcdn.net/v/t1.6435-0/p240x240/179525501_10112929885777051_8991410164673714426_nc6e5.jpg]
[www.facebook.com/local/lists/229293317650579/index.html]
[www.facebook.com/local/lists/246611892549875/index.html]
[www.facebook.com/local/lists/295176634381065/index.html]
[scontent-hkt1-2.xx.fbcdn.net/v/t1.6435-1/cp0/p48x48/186183508_4150177021701022_1089382212194711197_n8f58.png]
[www.facebook.com/local/lists/184216415574157/index.html]
[www.facebook.com/local/lists/231827297576037/index.html]
[www.facebook.com/local/lists/847657162102217/index.html]
[www.facebook.com/local/lists/675806179477441/index.html]
[www.facebook.com/local/lists/421637094907172/index.html]
[www.facebook.com/kapsey.html]
[www.facebook.com/local/lists/1268660106610802/index.html]
[www.facebook.com/local/lists/1508821449247495/index.html]
[www.facebook.com/local/lists/288583365062650/index.html]
[www.facebook.com/local/lists/433359570486535/index.html]
[www.facebook.com/help/3779555188751291.html]
[www.facebook.com/local/lists/1808043886169117/index.html]
[www.facebook.com/local/lists/225541241520193/index.html]
[www.facebook.com/local/lists/2133346663576822/index.html]
[www.facebook.com/help/1251484118194936.html]
[www.facebook.com/local/lists/212253496156080/index.html]
[www.facebook.com/local/lists/397193340746765/index.html]
[www.facebook.com/local/lists/1290526414425265/index.html]
[www.facebook.com/local/lists/233104557243525/index.html]
[www.facebook.com/local/lists/993356234148833/index.html]
[www.facebook.com/local/lists/2084082318483352/index.html]
[www.facebook.com/help/1127216777360764.html]
[www.facebook.com/local/lists/588461324839635/index.html]
[www.facebook.com/local/lists/238184390074992/index.html]
[www.facebook.com/local/lists/218518765409669/index.html]
[www.facebook.com/help/1872359709660621.html]
[www.facebook.com/local/lists/378740219268301/index.html]
[www.facebook.com/local/lists/169677187175942/index.html]
[www.facebook.com/local/lists/1251592784989290/index.html]
[www.facebook.com/local/lists/319890448793126/index.html]
[www.facebook.com/local/lists/124746524849076/index.html]
[www.facebook.com/help/1348270451957092.html]
[www.facebook.com/local/lists/343726836367031/index.html]
[www.facebook.com/local/lists/253189442014141/index.html]
[www.facebook.com/help/188996231291583.html]
[www.facebook.com/local/lists/2009808769269206/index.html]
[www.facebook.com/local/lists/1930676537017077/index.html]
[www.facebook.com/local/lists/268763637256285/index.html]
[www.facebook.com/local/lists/1879839158747242/index.html]
[www.facebook.com/help/901370616673951.html]
[www.facebook.com/local/lists/1905868379678945/index.html]
[www.facebook.com/local/lists/364936573932095/index.html]
[www.facebook.com/help/1409509059114623.html]
[www.facebook.com/local/lists/358361001352507/index.html]
[www.facebook.com/local/lists/347252322484654/index.html]
[www.facebook.com/local/lists/685595495152518/index.html]
[www.facebook.com/fundraisers/u_0_1m_z]
[www.facebook.com/local/lists/317374225723944/index.html]
[www.facebook.com/local/lists/1886358544790663/index.html]
[www.facebook.com/fundraisers/cAzHxn]
[www.facebook.com/local/lists/170407890305529/index.html]
[www.facebook.com/local/lists/417848655407802/index.html]
[www.facebook.com/local/lists/232123680975247/index.html]
[www.facebook.com/local/lists/328304941279294/index.html]
[www.facebook.com/fundraisers/xnysXB]
[www.facebook.com/local/lists/180020569245035/index.html]
[www.facebook.com/local/lists/970284926474060/index.html]
[www.facebook.com/local/lists/298786557382687/index.html]
[www.facebook.com/fundraisers/4QSOXb]
[www.facebook.com/local/lists/1313194908814650/index.html]
[www.facebook.com/fundraisers/KufrNF]
[www.facebook.com/fundraisers/index.html]
[www.facebook.com/local/lists/164691554366833/index.html]
[www.facebook.com/local/lists/1153446264799690/index.html]
[www.facebook.com/local/lists/222798445184953/index.html]
[www.facebook.com/local/lists/325782601513399/index.html]
[www.facebook.com/local/lists/217808738775233/index.html]
[static.xx.fbcdn.net/rsrc.php/v3/yX/l/0,cross/G7ym0kotKTX1f8e.css]
[scontent-hkt1-1.xx.fbcdn.net/v/t1.30497-1/c0.21.317.158a/p200x200/83245568_1845797888897938_3274147281632231424_nc8c3.png]
[www.facebook.com/local/lists/116653485750350/index.html]
[www.facebook.com/local/lists/1957842034299426/index.html]
[www.facebook.com/local/lists/243026276316150/index.html]
[scontent-hkt1-1.xx.fbcdn.net/v/t1.30497-1/c0.21.317.158a/p200x200/83245568_1845797888897938_3274147281632231424_nd28f.png]
[www.facebook.com/local/lists/2087275074842407/index.html]
[scontent-hkt1-1.xx.fbcdn.net/v/t34.18173-0/s320x320/38977614_513512035870883_69201301_ne5b1.jpg]
[www.facebook.com/local/lists/1149775751829249/index.html]
[www.facebook.com/local/lists/819030368290209/index.html]
[www.facebook.com/local/lists/179639576194125/index.html]
[www.facebook.com/local/lists/132585437594046/index.html]
[www.facebook.com/local/lists/216052982502013/index.html]
[www.facebook.com/biz/directory/cAzHxn.html]
[www.facebook.com/local/lists/198069287671623/index.html]
[www.facebook.com/biz/directory/xnysXB.html]
[www.facebook.com/local/lists/181470522535393/index.html]
[www.facebook.com/local/lists/1331306383647770/index.html]
[www.facebook.com/local/lists/787960834869125/index.html]
[www.facebook.com/local/lists/2616115125196595/index.html]
[www.facebook.com/biz/directory/4QSOXb.html]
[www.facebook.com/local/lists/2287972684822338/index.html]
[www.facebook.com/local/lists/507367769634302/index.html]
[www.facebook.com/biz/directory/index.html]
[www.facebook.com/biz/directory/KufrNF.html]
[www.facebook.com/local/lists/144128679744078/index.html]
[www.facebook.com/local/lists/256836338451887/index.html]
[www.facebook.com/local/lists/2102306660044177/index.html]
[www.facebook.com/local/lists/2121991154491691/index.html]
[www.facebook.com/votinginformationcenter.html]
[www.facebook.com/local/lists/698073577232180/index.html]
[static.xx.fbcdn.net/rsrc.php/v3/y8/l/0,cross/H2CD-XJ7oip1f8e.css]
[www.facebook.com/local/lists/101835293988952/index.html]
[www.facebook.com/local/lists/339099880181220/index.html]
[static.xx.fbcdn.net/rsrc.php/v3/y0/r/wJoJy0ghV_y1f8e.js]
[static.xx.fbcdn.net/rsrc.php/v3iI7_4/yI/l/vi_VN/w22xNXZk8nD1f8e.js]
[www.facebook.com/local/lists/569443253486733/index.html]
[www.facebook.com/local/lists/217267799008362/index.html]
[static.xx.fbcdn.net/rsrc.php/v3i1RC4/y7/l/vi_VN/EOjB4QTno3Y1f8e.js]
[www.facebook.com/local/lists/2242075326015406/index.html]
[www.facebook.com/local/lists/549809135459185/index.html]
[www.facebook.com/local/lists/227032834520263/index.html]
[static.xx.fbcdn.net/rsrc.php/v3in1W4/ya/l/vi_VN/2nY-UnDnS0v1f8e.js]
[static.xx.fbcdn.net/rsrc.php/v3/yD/r/1zYZGwNXsFG1f8e.js]
[static.xx.fbcdn.net/rsrc.php/v3ihIc4/y3/l/vi_VN/_kem9mLr82t1f8e.js]
[www.facebook.com/local/lists/1727012644021611/index.html]
[www.facebook.com/local/lists/1865188616884806/index.html]
[www.facebook.com/local/lists/2033483403561670/index.html]
[www.facebook.com/local/lists/201259100634603/index.html]
[www.facebook.com/local/lists/160786951292908/index.html]
[www.facebook.com/votinginformationcenter/theaustralian.com.html]
[www.facebook.com/local/lists/413851892361138/index.html]
[www.facebook.com/votinginformationcenter/news.com.html]
[www.facebook.com/local/lists/300588580528894/index.html]
[www.facebook.com/votinginformationcenter/kollosche.com.html]
[www.facebook.com/local/lists/2107582519556404/index.html]
[www.facebook.com/local/lists/253276262031374/index.html]
[www.facebook.com/local/lists/612625255749974/index.html]
[www.facebook.com/local/lists/353762218457461/index.html]
[www.facebook.com/votinginformationcenter/awstrack.html]
[www.facebook.com/local/lists/1608119322575607/index.html]
[www.facebook.com/local/lists/652055785185593/index.html]
[www.facebook.com/local/lists/518824521845098/index.html]
[www.facebook.com/local/lists/269587073681435/index.html]
[www.facebook.com/votinginformationcenter/ROGc8q.html]
[www.facebook.com/local/lists/325004241392587/index.html]
[www.facebook.com/images/assets_DO_NOT_HARDCODE/t70352310_facts_about_voting_illustration_brief/State-List-Android_light-4x.png]
[www.facebook.com/local/lists/116728432454764/index.html]
[www.facebook.com/local/lists/896981423789318/index.html]
[www.facebook.com/images/assets_DO_NOT_HARDCODE/voter_information_center/Register-List-Android_light-4x.png]
[www.facebook.com/local/lists/1923927051053763/index.html]
[www.facebook.com/local/lists/1476911142419247/index.html]
[www.facebook.com/images/assets_DO_NOT_HARDCODE/voter_information_center/VoteByMail-List-Android_light-4x.png]
[www.facebook.com/local/lists/1827406127353363/index.html]
[www.facebook.com/local/lists/247880645782183/index.html]
[www.facebook.com/help/299618223782909.html]
[www.facebook.com/votinginformationcenter/indexb3e6.html]
[www.facebook.com/local/lists/2019638338064766/index.html]
[www.facebook.com/local/lists/136087413857378/index.html]
[www.facebook.com/local/lists/611525492560008/index.html]
[www.facebook.com/votinginformationcenter/xnMG3n.html]
[www.facebook.com/local/lists/323685014708365/index.html]
[www.facebook.com/local/lists/1477652042380999/index.html]
[static.xx.fbcdn.net/rsrc.php/v3/yr/l/0,cross/5rzhAn3EIOu1f8e.css]
[www.facebook.com/local/lists/183633645621216/index.html]
[www.facebook.com/local/lists/1922211794768323/index.html]
[www.facebook.com/local/lists/1903913439928511/index.html]
[static.xx.fbcdn.net/rsrc.php/v3/yc/l/0,cross/0smqITagMJm1f8e.css]
[www.facebook.com/local/lists/135585593733199/index.html]
[www.facebook.com/local/lists/132585854056364/index.html]
[www.facebook.com/local/lists/1248684698576459/index.html]
[static.xx.fbcdn.net/rsrc.php/v3/y-/l/0,cross/8rMHiIH4W3J1f8e.css]
[www.facebook.com/local/lists/283221295545930/index.html]
[static.xx.fbcdn.net/rsrc.php/v3/y9/l/0,cross/cwybcwIV7W21f8e.css]
[www.facebook.com/local/lists/1452022514852977/index.html]
[www.facebook.com/local/lists/860408084143799/index.html]
[www.facebook.com/local/lists/249434462316270/index.html]
[static.xx.fbcdn.net/rsrc.php/v3/y5/l/0,cross/MNcgXOu5OKC1f8e.css]
[www.facebook.com/local/lists/951340041692747/index.html]
[www.facebook.com/local/lists/2000456460169733/index.html]
[www.facebook.com/local/lists/741958836146264/index.html]
[static.xx.fbcdn.net/rsrc.php/v3/yP/l/0,cross/pL4N_tHL5-c1f8e.css]
[www.facebook.com/local/lists/136491813865394/index.html]
[www.facebook.com/local/lists/1051727821653129/index.html]
[static.xx.fbcdn.net/rsrc.php/v3/yy/l/0,cross/yU5NpPZXyK61f8e.css]
[www.facebook.com/local/lists/544818869286975/index.html]
[www.facebook.com/local/lists/1608880185837357/index.html]
[www.facebook.com/local/lists/428220604296024/index.html]
[static.xx.fbcdn.net/rsrc.php/v3/yx/l/0,cross/ffKKbBSaTZf1f8e.css]
[www.facebook.com/local/lists/1648703331880256/index.html]
[www.facebook.com/local/lists/1383677921733674/index.html]
[www.facebook.com/local/lists/2047984352089394/index.html]
[static.xx.fbcdn.net/rsrc.php/v3/yO/l/0,cross/Jy76sGFxZEl1f8e.css]
[www.facebook.com/local/lists/461326220998438/index.html]
[www.facebook.com/local/lists/153104788625390/index.html]
[static.xx.fbcdn.net/rsrc.php/v3/yn/l/0,cross/5i6p_DqrV2B1f8e.css]
[www.facebook.com/local/lists/2014220358865934/index.html]
[www.facebook.com/local/lists/161053791139431/index.html]
[www.facebook.com/local/lists/514564702251649/index.html]
[static.xx.fbcdn.net/rsrc.php/v3/yj/l/0,cross/2LGl8O48eMN1f8e.css]
[www.facebook.com/local/lists/745830509095869/index.html]
[scontent-hkt1-1.xx.fbcdn.net/v/t39.2365-6/101003469_955367878234329_6050041089497235456_n7e6d.png]
[www.facebook.com/local/lists/1256289791172742/index.html]
[www.facebook.com/local/lists/1025701840928043/index.html]
[www.facebook.com/local/lists/191211438280773/index.html]
[www.facebook.com/local/lists/662095690649245/index.html]
[www.facebook.com/local/lists/1900450910277488/index.html]
[www.facebook.com/local/lists/682897025408908/index.html]
[www.facebook.com/local/lists/1827428100895934/index.html]
[www.facebook.com/local/lists/326572184816353/index.html]
[www.facebook.com/local/lists/491519311228592/index.html]
[www.facebook.com/local/lists/1777548782549288/index.html]
[www.facebook.com/local/lists/1850100695044538/index.html]
[www.facebook.com/local/lists/236926906861637/index.html]
[www.facebook.com/local/lists/1466423760126036/index.html]
[www.facebook.com/careers/jobs.html]
[www.facebook.com/local/lists/300388047095716/index.html]
[www.facebook.com/local/lists/131949440862943/index.html]
[www.facebook.com/local/lists/1861485084169347/index.html]
[www.facebook.com/careers/locations.html]
[www.facebook.com/local/lists/862709370600761/index.html]
[www.facebook.com/local/lists/1833863546926209/index.html]
[www.facebook.com/local/lists/2075324279423263/index.html]
[www.facebook.com/local/lists/214794835962479/index.html]
[www.facebook.com/local/lists/170610616983762/index.html]
[www.facebook.com/local/lists/629103384104180/index.html]
[www.facebook.com/local/lists/139668446985050/index.html]
[www.facebook.com/local/lists/1120719358059547/index.html]
[www.facebook.com/local/lists/997702780404740/index.html]
[www.facebook.com/local/lists/373109569789326/index.html]
[www.facebook.com/local/lists/569599963430712/index.html]
[www.facebook.com/local/lists/223852528471643/index.html]
[www.facebook.com/local/lists/208146803294478/index.html]
[www.facebook.com/careers/life.html]
[www.facebook.com/local/lists/373309716422810/index.html]
[www.facebook.com/careers/students-and-grads/students.html]
[www.facebook.com/local/lists/1853421428046798/index.html]
[www.facebook.com/local/lists/337111990049027/index.html]
[www.facebook.com/local/lists/1186805441459205/index.html]
[www.facebook.com/local/lists/352319878872857/index.html]
[www.facebook.com/careers/facebook-life/diversity.html]
[www.facebook.com/local/lists/230603267519710/index.html]
[www.facebook.com/local/lists/1913590408897458/index.html]
[www.facebook.com/local/lists/267273894110773/index.html]
[www.facebook.com/careers/facebook-life/veterans.html]
[www.facebook.com/local/lists/272235509929537/index.html]
[www.facebook.com/local/lists/1924497644504950/index.html]
[www.facebook.com/local/lists/1538985866168320/index.html]
[www.facebook.com/careers/facebook-life/innovation.html]
[www.facebook.com/local/lists/657214124469318/index.html]
[www.facebook.com/local/lists/499428470457972/index.html]
[www.facebook.com/local/lists/139013870051162/index.html]
[www.facebook.com/careers/facebook-life/benefits.html]
[www.facebook.com/local/lists/711180402410505/index.html]
[www.facebook.com/local/lists/690929631097991/index.html]
[www.facebook.com/local/lists/1309103689215909/index.html]
[www.facebook.com/careers/faq.html]
[www.facebook.com/local/lists/493636787672986/index.html]
[www.facebook.com/local/lists/254798855220112/index.html]
[www.facebook.com/local/lists/138445340096678/index.html]
[www.facebook.com/local/lists/182523045984351/index.html]
[www.facebook.com/local/lists/247056689311594/index.html]
[www.facebook.com/local/lists/372607679826748/index.html]
[www.facebook.com/local/lists/484841381925540/index.html]
[scontent-hkt1-2.xx.fbcdn.net/v/t39.2365-6/78018523_1452221754917342_5624575212474335232_nea5b.png]
[www.facebook.com/local/lists/423230091405053/index.html]
[www.facebook.com/local/lists/838070916351108/index.html]
[www.facebook.com/local/lists/108700160017529/index.html]
[scontent-hkt1-2.xx.fbcdn.net/v/l/t39.2365-6/78247369_2543432152609469_3888333733878562816_nd3a7.png]
[www.facebook.com/local/lists/1964851037127004/index.html]
[www.facebook.com/local/lists/2169843059968348/index.html]
[scontent-hkt1-2.xx.fbcdn.net/v/t39.2365-6/78585740_559425447936782_7580728358179176448_naf00.png]
[www.facebook.com/local/lists/491884834506790/index.html]
[www.facebook.com/local/lists/142905732991515/index.html]
[scontent-hkt1-1.xx.fbcdn.net/v/t39.2365-6/78119921_738690026647192_5679787730028986368_n9109.png]
[scontent-hkt1-1.xx.fbcdn.net/v/t39.2365-6/78591925_2382240832028616_2080621529871155200_n2b0d.png]
[www.facebook.com/local/lists/100571313923854/index.html]
[www.facebook.com/local/lists/1405410322889574/index.html]
[www.facebook.com/local/lists/262898421090974/index.html]
[scontent-hkt1-2.xx.fbcdn.net/v/t39.2365-6/78408255_931412363912071_7568126705089380352_nd719.png]
[scontent-hkt1-2.xx.fbcdn.net/v/t39.2365-6/139363692_152752689776433_6580421618248760997_n5af5.png]
[www.facebook.com/local/lists/975975805875220/index.html]
[www.facebook.com/local/lists/118920162117576/index.html]
[scontent-hkt1-1.xx.fbcdn.net/v/t39.2365-6/119674674_637747206894193_3046405473877927742_n55bc.png]
[www.facebook.com/local/lists/274074896431019/index.html]
[scontent-hkt1-2.xx.fbcdn.net/v/t39.2365-6/123181007_2018635824945956_2194764375649778179_n5fc6.png]
[www.facebook.com/local/lists/318345435629713/index.html]
[www.facebook.com/local/lists/157341708178921/index.html]
[www.facebook.com/local/lists/369232943505705/index.html]
[www.facebook.com/careers/life/engineers-at-facebook-israel-are-working-to-bring-the-internet-to-billions-of-people.html]
[www.facebook.com/local/lists/352500918507681/index.html]
[www.facebook.com/local/lists/1596528077035415/index.html]
[www.facebook.com/local/lists/1139550116147544/index.html]
[scontent-hkt1-2.xx.fbcdn.net/v/t39.2365-6/123228446_373637267320177_1484537953015773764_nd1bf.png]
[www.facebook.com/local/lists/139197750027552/index.html]
[www.facebook.com/local/lists/506251913064343/index.html]
[www.facebook.com/local/lists/1797303130561318/index.html]
[www.facebook.com/local/lists/315941195876066/index.html]
[www.facebook.com/careers/life/the-impact-of-machine-learning-at-facebook-community-integrity-and-innovation.html]
[www.facebook.com/local/lists/267522740565602/index.html]
[scontent-hkt1-1.xx.fbcdn.net/v/t39.2365-6/123126064_1036086526812922_4393737222672868018_n2534.png]
[www.facebook.com/local/lists/220486921819592/index.html]
[www.facebook.com/local/lists/289932391608630/index.html]
[www.facebook.com/local/lists/305363010262762/index.html]
[www.facebook.com/careers/life/autism-to-dyslexia-to-depression.html]
[www.facebook.com/local/lists/1975849736021268/index.html]
[www.facebook.com/local/lists/123196224998128/index.html]
[www.facebook.com/local/lists/1024958700976619/index.html]
[scontent-hkt1-1.xx.fbcdn.net/v/t39.2365-6/192412470_318729356493445_5349608821768799556_nc41e.jpg]
[www.facebook.com/local/lists/318243558984571/index.html]
[www.facebook.com/local/lists/1909015596085094/index.html]
[www.facebook.com/local/lists/1974801616132961/index.html]
[www.facebook.com/local/lists/1924707357800744/index.html]
[www.facebook.com/careers/life/why-disabilities-arent-barriers.html]
[www.facebook.com/local/lists/337110090083390/index.html]
[www.facebook.com/local/lists/684622965068489/index.html]
[www.facebook.com/local/lists/323927204698823/index.html]
[scontent-hkt1-2.xx.fbcdn.net/v/t39.2365-6/190052390_520830278949538_744040610221920714_nc6f5.jpg]
[www.facebook.com/local/lists/163883777894685/index.html]
[www.facebook.com/local/lists/112521892762590/index.html]
[www.facebook.com/local/lists/479030412477762/index.html]
[www.facebook.com/local/lists/757651641093705/index.html]
[www.facebook.com/local/lists/1783755388583896/index.html]
[www.facebook.com/local/lists/156580661602405/index.html]
[www.facebook.com/local/lists/2135547780097135/index.html]
[www.facebook.com/safety.html]
[www.facebook.com/local/lists/1580853111954617/index.html]
[www.facebook.com/local/lists/1040523092756886/index.html]
[www.facebook.com/local/lists/367346774004682/index.html]
[www.facebook.com/local/lists/139280876672069/index.html]
[www.facebook.com/local/lists/324009008066647/index.html]
[www.facebook.com/local/lists/328869634536237/index.html]
[www.facebook.com/local/lists/1366203933493504/index.html]
[www.facebook.com/local/lists/1132838633517778/index.html]
[www.facebook.com/careers/theaustralian.com.html]
[www.facebook.com/local/lists/1909244952703604/index.html]
[www.facebook.com/business.html]
[www.facebook.com/local/lists/1725674821061333/index.html]
[www.facebook.com/local/lists/1958825754360575/index.html]
[www.facebook.com/careers/news.com.html]
[www.facebook.com/local/lists/2083513121927385/index.html]
[www.facebook.com/careers/kollosche.com.html]
[www.facebook.com/local/lists/456766768032450/index.html]
[www.facebook.com/local/lists/546281165825181/index.html]
[www.facebook.com/local/lists/272442950072896/index.html]
[www.facebook.com/careers/awstrack.html]
[www.facebook.com/local/lists/1717301404975510/index.html]
[www.facebook.com/local/lists/199572853971231/index.html]
[www.facebook.com/local/lists/198496690740975/index.html]
[www.facebook.com/careers/__elem_62f7694f_0_2_2.html]
[www.facebook.com/local/lists/284547098850397/index.html]
[www.facebook.com/local/lists/375565466255958/index.html]
[www.facebook.com/local/lists/1415084988594500/index.html]
[www.facebook.com/careers/u_0_2t_f.html]
[www.facebook.com/local/lists/352182715352807/index.html]
[www.facebook.com/local/lists/1941936752765415/index.html]
[www.facebook.com/local/lists/775923955935202/index.html]
[www.facebook.com/careers/u_0_4f_d.html]
[www.facebook.com/local/lists/1903621523282158/index.html]
[www.facebook.com/local/lists/1741279999262861/index.html]
[www.facebook.com/careers/u_0_5n_B.html]
[www.facebook.com/local/lists/285827081884877/index.html]
[www.facebook.com/local/lists/592079027849175/index.html]
[www.facebook.com/careers/u_0_5r_K.html]
[www.facebook.com/local/lists/730808497105052/index.html]
[www.facebook.com/local/lists/124945724833732/index.html]
[www.facebook.com/local/lists/360587217698057/index.html]
[www.facebook.com/careers/cAzHxn.html]
[www.facebook.com/local/lists/358531191243172/index.html]
[www.facebook.com/local/lists/117078812287806/index.html]
[www.facebook.com/local/lists/289944738080245/index.html]
[www.facebook.com/careers/xnysXB.html]
[www.facebook.com/local/lists/1517746041597144/index.html]
[www.facebook.com/local/lists/1913181008942280/index.html]
[www.facebook.com/local/lists/177736226122091/index.html]
[www.facebook.com/careers/4QSOXb.html]
[www.facebook.com/local/lists/727866870897689/index.html]
[www.facebook.com/local/lists/745244232492150/index.html]
[www.facebook.com/local/lists/170985456782962/index.html]
[www.facebook.com/careers/KufrNF.html]
[www.facebook.com/local/lists/274181939737790/index.html]
[www.facebook.com/local/lists/265952417244365/index.html]
[www.facebook.com/local/lists/163222154259589/index.html]
[www.facebook.com/careers/index30c2.html]
[www.facebook.com/careers/2nVGYo.html]
[www.facebook.com/local/lists/191249394790075/index.html]
[www.facebook.com/local/lists/497471294064307/index.html]
[www.facebook.com/local/lists/163059001308311/index.html]
[static.xx.fbcdn.net/rsrc.php/v3/yl/l/0,cross/wgUZoeMP_Ih1f8e.css]
[www.facebook.com/local/lists/894631747413164/index.html]
[www.facebook.com/local/lists/284232452071417/index.html]
[www.facebook.com/local/lists/283816199126125/index.html]
[www.facebook.com/local/lists/1397071357088054/index.html]
[www.facebook.com/local/lists/160028491240628/index.html]
[www.facebook.com/about/privacy/update/printable.html]
[www.facebook.com/local/lists/125132838208182/index.html]
[www.facebook.com/local/lists/2006088019613445/index.html]
[www.facebook.com/local/lists/164129267549429/index.html]
[www.facebook.com/local/lists/2605486289592075/index.html]
[www.facebook.com/local/lists/2020038421611435/index.html]
[www.facebook.com/about/basics.html]
[www.facebook.com/about/privacy/tools.html]
[www.facebook.com/local/lists/848227635386615/index.html]
[www.facebook.com/local/lists/538524046482353/index.html]
[www.facebook.com/local/lists/822301167942894/index.html]
[www.facebook.com/about/privacy/minors.html]
[www.facebook.com/local/lists/295151027655971/index.html]
[www.facebook.com/local/lists/1281423271961993/index.html]
[www.facebook.com/local/lists/1300290060093505/index.html]
[www.facebook.com/local/lists/376356976117166/index.html]
[www.facebook.com/local/lists/266289107235910/index.html]
[www.facebook.com/local/lists/142990779664986/index.html]
[www.facebook.com/local/lists/2012898225621819/index.html]
[www.facebook.com/local/lists/1853449828318268/index.html]
[www.facebook.com/fbprivacy.html]
[www.facebook.com/local/lists/317145125408786/index.html]
[www.facebook.com/local/lists/1284064161736146/index.html]
[www.facebook.com/local/lists/122341251800018/index.html]
[www.facebook.com/fbsitegovernance.html]
[www.facebook.com/local/lists/164013431194077/index.html]
[www.facebook.com/about/privacyshield.html]
[www.facebook.com/local/lists/1911354245781711/index.html]
[www.facebook.com/local/lists/1142119379272513/index.html]
[www.facebook.com/help/1561485474074139d7cb.html]
[www.facebook.com/local/lists/124794794936335/index.html]
[www.facebook.com/local/lists/504281363275324/index.html]
[www.facebook.com/local/lists/2073620202858868/index.html]
[www.facebook.com/local/lists/319373321945260/index.html]
[www.facebook.com/local/lists/278190269482475/index.html]
[www.facebook.com/help/162347444215311.html]
[www.facebook.com/local/lists/553937301730071/index.html]
[www.facebook.com/local/lists/1190004004477359/index.html]
[www.facebook.com/local/lists/1695300627219342/index.html]
[www.facebook.com/local/lists/479442372421975/index.html]
[www.facebook.com/local/lists/258131684700486/index.html]
[www.facebook.com/help/1297502253597210d7cb.html]
[www.facebook.com/local/lists/1933968366816005/index.html]
[www.facebook.com/help/353111348061173d7cb.html]
[www.facebook.com/local/lists/1896629313933454/index.html]
[www.facebook.com/local/lists/503336740032271/index.html]
[www.facebook.com/local/lists/120065022005795/index.html]
[www.facebook.com/local/lists/383632995434422/index.html]
[www.facebook.com/help/282489752085908d7cb.html]
[www.facebook.com/local/lists/354172161762505/index.html]
[www.facebook.com/local/lists/1883427771668209/index.html]
[www.facebook.com/help/561688620598358d7cb.html]
[www.facebook.com/local/lists/360760371335956/index.html]
[www.facebook.com/local/lists/2257695217591080/index.html]
[www.facebook.com/local/lists/1809122845873573/index.html]
[www.facebook.com/help/1434403039959381d7cb.html]
[www.facebook.com/local/lists/2021879934500161/index.html]
[www.facebook.com/local/lists/2268315170069792/index.html]
[www.facebook.com/local/lists/184094562231359/index.html]
[www.facebook.com/local/lists/2066530643561072/index.html]
[www.facebook.com/local/lists/1929805950363837/index.html]
[www.facebook.com/local/lists/235105790390603/index.html]
[www.facebook.com/help/119468292028768d7cb.html]
[www.facebook.com/local/lists/986510744839194/index.html]
[www.facebook.com/local/lists/204938993606444/index.html]
[www.facebook.com/help/195227921252400d7cb.html]
[www.facebook.com/local/lists/1991547624470623/index.html]
[www.facebook.com/local/lists/1566947280046671/index.html]
[www.facebook.com/local/lists/351819121943594/index.html]
[www.facebook.com/help/276515126152168d7cb.html]
[www.facebook.com/local/lists/460759404304861/index.html]
[www.facebook.com/local/lists/184221755817020/index.html]
[www.facebook.com/local/lists/341510389757418/index.html]
[www.facebook.com/local/lists/1935203526698386/index.html]
[www.facebook.com/help/1642635852727373d7cb.html]
[www.facebook.com/local/lists/204728833411925/index.html]
[www.facebook.com/help/331509497253087.html]
[www.facebook.com/local/lists/1524762724237341/index.html]
[www.facebook.com/local/lists/1458471564238997/index.html]
[www.facebook.com/local/lists/267505153653618/index.html]
[www.facebook.com/local/lists/686213738237210/index.html]
[www.facebook.com/local/lists/259057081466599/index.html]
[www.facebook.com/business/learn/facebook-ads-pixel.html]
[www.facebook.com/local/lists/118878092102752/index.html]
[www.facebook.com/local/lists/350673069010114/index.html]
[www.facebook.com/local/lists/308671799953025/index.html]
[www.facebook.com/local/lists/395447634186998/index.html]
[www.facebook.com/help/494750870625830d7cb.html]
[www.facebook.com/local/lists/2206138739661420/index.html]
[www.facebook.com/local/lists/2014916352074131/index.html]
[www.facebook.com/policies/cookies.html]
[www.facebook.com/local/lists/279580205842284/index.html]
[www.facebook.com/local/lists/169966103645639/index.html]
[www.facebook.com/local/lists/522709984744583/index.html]
[www.facebook.com/local/lists/149402738891866/index.html]
[www.facebook.com/local/lists/909752402537635/index.html]
[www.facebook.com/help/166738576721085d7cb.html]
[www.facebook.com/local/lists/587976344659585/index.html]
[www.facebook.com/local/lists/538207036518787/index.html]
[www.facebook.com/help/1076296042409786d7cb.html]
[www.facebook.com/local/lists/121421265201704/index.html]
[www.facebook.com/about/ads.html]
[www.facebook.com/local/lists/2033578203542126/index.html]
[www.facebook.com/local/lists/156725018444189/index.html]
[www.facebook.com/local/lists/1312231965566972/index.html]
[www.facebook.com/local/lists/473148543066845/index.html]
[www.facebook.com/local/lists/295716667578635/index.html]
[www.facebook.com/local/lists/2001658366735491/index.html]
[www.facebook.com/local/lists/1516773948389684/index.html]
[www.facebook.com/about/basics/manage-your-privacy/location.html]
[www.facebook.com/local/lists/2153079104912141/index.html]
[www.facebook.com/help/122175507864081d7cb.html]
[www.facebook.com/local/lists/1400974053284241/index.html]
[www.facebook.com/local/lists/516208338732628/index.html]
[www.facebook.com/local/lists/1854764844614395/index.html]
[www.facebook.com/local/lists/138155793483862/index.html]
[www.facebook.com/settingsd57c]
[www.facebook.com/local/lists/702143236647802/index.html]
[www.facebook.com/local/lists/2008247452796304/index.html]
[www.facebook.com/local/lists/340328783137576/index.html]
[www.facebook.com/local/lists/1525033984225242/index.html]
[www.facebook.com/local/lists/224587568076238/index.html]
[www.facebook.com/help/285695718429403d7cb.html]
[www.facebook.com/local/lists/186213698969426/index.html]
[www.facebook.com/local/lists/2193997487515795/index.html]
[www.facebook.com/local/lists/2216409475303163/index.html]
[www.facebook.com/help/120939471321735d7cb.html]
[www.facebook.com/local/lists/113310892714235/index.html]
[www.facebook.com/local/lists/163652681084641/index.html]
[www.facebook.com/local/lists/1387577958022726/index.html]
[www.facebook.com/local/lists/979851872156013/index.html]
[www.facebook.com/help/203805466323736d7cb.html]
[www.facebook.com/local/lists/130495830940573/index.html]
[www.facebook.com/local/lists/778820835790518/index.html]
[www.facebook.com/local/lists/119144978797309/index.html]
[www.facebook.com/local/lists/300964517046687/index.html]
[www.facebook.com/local/lists/165030627466258/index.html]
[www.facebook.com/marketplace.html]
[www.facebook.com/local/lists/133438137280497/index.html]
[www.facebook.com/help/241256606347754d7cb.html]
[www.facebook.com/local/lists/332606710483232/index.html]
[www.facebook.com/local/lists/261170884740140/index.html]
[www.facebook.com/local/lists/381422329062075/index.html]
[www.facebook.com/local/lists/2243954659162785/index.html]
[www.facebook.com/local/lists/1257252141042109/index.html]
[www.facebook.com/local/lists/220801081788804/index.html]
[www.facebook.com/help/1380418588640631d7cb.html]
[www.facebook.com/local/lists/349641555781044/index.html]
[www.facebook.com/local/lists/301083790368891/index.html]
[www.facebook.com/local/lists/167233503848790/index.html]
[www.facebook.com/help/149081061827062d7cb.html]
[www.facebook.com/local/lists/2172986292917501/index.html]
[www.facebook.com/local/lists/954924214658692/index.html]
[www.facebook.com/local/lists/274639546514058/index.html]
[www.facebook.com/local/lists/175761096562477/index.html]
[www.facebook.com/local/lists/270657827128129/index.html]
[www.facebook.com/local/lists/242706912969456/index.html]
[www.facebook.com/local/lists/321410488672465/index.html]
[www.facebook.com/help/111814505650678d7cb.html]
[www.facebook.com/local/lists/179818875885090/index.html]
[www.facebook.com/local/lists/210264463020952/index.html]
[www.facebook.com/local/lists/910298255815198/index.html]
[www.facebook.com/local/lists/336007217133739/index.html]
[www.facebook.com/local/lists/187773018499437/index.html]
[www.facebook.com/help/356107851084108d7cb.html]
[www.facebook.com/local/lists/1574703792646437/index.html]
[www.facebook.com/help/206635839404055d7cb.html]
[www.facebook.com/local/lists/869474476539201/index.html]
[www.facebook.com/local/lists/771766739673585/index.html]
[www.facebook.com/help/contact/861937627253138.html]
[www.facebook.com/local/lists/401912363562763/index.html]
[www.facebook.com/local/lists/844210232407859/index.html]
[www.facebook.com/local/lists/137708200178602/index.html]
[www.facebook.com/local/lists/1996452303975773/index.html]
[www.facebook.com/local/lists/836756636506432/index.html]
[www.facebook.com/privacy/theaustralian.com.au]
[www.facebook.com/local/lists/140392833235830/index.html]
[www.facebook.com/local/lists/1713287028978549/index.html]
[www.facebook.com/local/lists/115583769129678/index.html]
[www.facebook.com/local/lists/821739708007814/index.html]
[www.facebook.com/privacy/news.com.au]
[www.facebook.com/local/lists/170871090458241/index.html]
[www.facebook.com/local/lists/119016125516583/index.html]
